Log file open, 04/24/23 02:22:38
LogWindows: Failed to load 'aqProf.dll' (GetLastError=126)
LogWindows: File 'aqProf.dll' does not exist
LogWindows: Failed to load 'VtuneApi.dll' (GetLastError=126)
LogWindows: File 'VtuneApi.dll' does not exist
LogWindows: Failed to load 'VtuneApi32e.dll' (GetLastError=126)
LogWindows: File 'VtuneApi32e.dll' does not exist
LogConsoleResponse: Display: Failed to find resolution value strings in scalability ini. Falling back to default.
LogConsoleResponse: Display: Failed to find resolution value strings in scalability ini. Falling back to default.
LogInit: Display: Running engine for game: Final_Year_Project_K
LogPlatformFile: Not using cached read wrapper
LogTaskGraph: Started task graph with 5 named threads and 23 total threads with 3 sets of task threads.
LogStats: Stats thread started at 0.235750
LogICUInternationalization: ICU TimeZone Detection - Raw Offset: +0:00, Platform Override: ''
LogInit: Display: Loading text-based GConfig....
LogPluginManager: Mounting plugin MeshPainting
LogPluginManager: Mounting plugin XGEController
LogPluginManager: Mounting plugin AISupport
LogPluginManager: Mounting plugin Paper2D
LogPluginManager: Mounting plugin EnvironmentQueryEditor
LogPluginManager: Mounting plugin LiveLink
LogPluginManager: Mounting plugin LightPropagationVolume
LogPluginManager: Mounting plugin OodleData
LogPluginManager: Mounting plugin OodleNetwork
LogPluginManager: Mounting plugin Niagara
LogPluginManager: Mounting plugin AssetManagerEditor
LogPluginManager: Mounting plugin CryptoKeys
LogPluginManager: Mounting plugin CurveEditorTools
LogPluginManager: Mounting plugin DataValidation
LogPluginManager: Mounting plugin FacialAnimation
LogPluginManager: Mounting plugin GameplayTagsEditor
LogPluginManager: Mounting plugin GeometryMode
LogPluginManager: Mounting plugin MacGraphicsSwitching
LogPluginManager: Mounting plugin MaterialAnalyzer
LogPluginManager: Mounting plugin MobileLauncherProfileWizard
LogPluginManager: Mounting plugin PluginBrowser
LogPluginManager: Mounting plugin SpeedTreeImporter
LogPluginManager: Mounting plugin AlembicImporter
LogPluginManager: Mounting plugin AutomationUtils
LogPluginManager: Mounting plugin BackChannel
LogPluginManager: Mounting plugin ChaosCloth
LogPluginManager: Mounting plugin ChaosClothEditor
LogPluginManager: Mounting plugin ChaosEditor
LogPluginManager: Mounting plugin ChaosNiagara
LogPluginManager: Mounting plugin ChaosSolverPlugin
LogPluginManager: Mounting plugin CharacterAI
LogPluginManager: Mounting plugin AnimationSharing
LogPluginManager: Mounting plugin GeometryCache
LogPluginManager: Mounting plugin CLionSourceCodeAccess
LogPluginManager: Mounting plugin GeometryCollectionPlugin
LogPluginManager: Mounting plugin CodeLiteSourceCodeAccess
LogPluginManager: Mounting plugin GitSourceControl
LogPluginManager: Mounting plugin LuminPlatformFeatures
LogPluginManager: Mounting plugin KDevelopSourceCodeAccess
LogPluginManager: Mounting plugin NullSourceCodeAccess
LogPluginManager: Mounting plugin MagicLeap
LogPluginManager: Mounting plugin PerforceSourceControl
LogPluginManager: Mounting plugin PixWinPlugin
LogPluginManager: Mounting plugin PlasticSourceControl
LogPluginManager: Mounting plugin PluginUtils
LogPluginManager: Mounting plugin PropertyAccessNode
LogPluginManager: Mounting plugin MagicLeapLightEstimation
LogPluginManager: Mounting plugin RiderSourceCodeAccess
LogPluginManager: Mounting plugin MagicLeapMedia
LogPluginManager: Mounting plugin SubversionSourceControl
LogPluginManager: Mounting plugin TextureFormatOodle
LogPluginManager: Mounting plugin MagicLeapPassableWorld
LogPluginManager: Mounting plugin UObjectPlugin
LogPluginManager: Mounting plugin VisualStudioCodeSourceCodeAccess
LogPluginManager: Mounting plugin VisualStudioSourceCodeAccess
LogPluginManager: Mounting plugin XCodeSourceCodeAccess
LogPluginManager: Mounting plugin MLSDK
LogPluginManager: Mounting plugin GeometryProcessing
LogPluginManager: Mounting plugin MotoSynth
LogPluginManager: Mounting plugin OpenImageDenoise
LogPluginManager: Mounting plugin PlanarCut
LogPluginManager: Mounting plugin PlatformCrypto
LogPluginManager: Mounting plugin ProxyLODPlugin
LogPluginManager: Mounting plugin PythonScriptPlugin
LogPluginManager: Mounting plugin SkeletalReduction
LogPluginManager: Mounting plugin AndroidMedia
LogPluginManager: Mounting plugin AvfMedia
LogPluginManager: Mounting plugin TcpMessaging
LogPluginManager: Mounting plugin UdpMessaging
LogPluginManager: Mounting plugin ImgMedia
LogPluginManager: Mounting plugin MediaCompositing
LogPluginManager: Mounting plugin MediaPlayerEditor
LogPluginManager: Mounting plugin WebMMedia
LogPluginManager: Mounting plugin WmfMedia
LogPluginManager: Mounting plugin ActorSequence
LogPluginManager: Mounting plugin LevelSequenceEditor
LogPluginManager: Mounting plugin MatineeToLevelSequence
LogPluginManager: Mounting plugin LauncherChunkInstaller
LogPluginManager: Mounting plugin OnlineSubsystem
LogPluginManager: Mounting plugin TemplateSequence
LogPluginManager: Mounting plugin OnlineSubsystemNull
LogPluginManager: Mounting plugin OnlineSubsystemUtils
LogPluginManager: Mounting plugin ActorLayerUtilities
LogPluginManager: Mounting plugin AndroidDeviceProfileSelector
LogPluginManager: Mounting plugin AndroidMoviePlayer
LogPluginManager: Mounting plugin AndroidPermission
LogPluginManager: Mounting plugin AppleImageUtils
LogPluginManager: Mounting plugin AppleMoviePlayer
LogPluginManager: Mounting plugin ArchVisCharacter
LogPluginManager: Mounting plugin AudioCapture
LogPluginManager: Mounting plugin AssetTags
LogPluginManager: Mounting plugin AudioSynesthesia
LogPluginManager: Mounting plugin CableComponent
LogPluginManager: Mounting plugin ChunkDownloader
LogPluginManager: Mounting plugin CustomMeshComponent
LogPluginManager: Mounting plugin EditableMesh
LogPluginManager: Mounting plugin ExampleDeviceProfileSelector
LogPluginManager: Mounting plugin GoogleCloudMessaging
LogPluginManager: Mounting plugin GooglePAD
LogPluginManager: Mounting plugin ScreenshotTools
LogPluginManager: Mounting plugin IOSDeviceProfileSelector
LogPluginManager: Mounting plugin LocationServicesBPLibrary
LogPluginManager: Mounting plugin LinuxDeviceProfileSelector
LogPluginManager: Mounting plugin MobilePatchingUtils
LogPluginManager: Mounting plugin OpenXR
LogPluginManager: Mounting plugin OpenXREyeTracker
LogPluginManager: Mounting plugin PhysXVehicles
LogPluginManager: Mounting plugin OpenXRHandTracking
LogPluginManager: Mounting plugin Takes
LogPluginManager: Mounting plugin PostSplashScreen
LogPluginManager: Mounting plugin ProceduralMeshComponent
LogPluginManager: Mounting plugin PropertyAccessEditor
LogPluginManager: Mounting plugin SignificanceManager
LogPluginManager: Mounting plugin RuntimePhysXCooking
LogPluginManager: Mounting plugin SoundFields
LogPluginManager: Mounting plugin Synthesis
LogPluginManager: Mounting plugin WebMMoviePlayer
LogPluginManager: Mounting plugin WindowsMoviePlayer
LogPluginManager: Mounting plugin DatasmithContent
LogPluginManager: Mounting plugin VariantManagerContent
LogPluginManager: Mounting plugin CameraShakePreviewer
LogPluginManager: Mounting plugin GameplayCameras
LogPluginManager: Mounting plugin ContentBrowserAssetDataSource
LogPluginManager: Mounting plugin ContentBrowserFileDataSource
LogPluginManager: Mounting plugin ContentBrowserClassDataSource
LogPluginManager: Mounting plugin OnlineSubsystemGooglePlay
LogPluginManager: Mounting plugin OnlineSubsystemIOS
LogPluginManager: Mounting plugin OculusVR
LogPluginManager: Mounting plugin SteamVR
PixWinPlugin: PIX capture plugin failed to initialize! Check that the process is launched from PIX.
LogInit: Using libcurl 7.55.1-DEV
LogInit:  - built for x86_64-pc-win32
LogInit:  - supports SSL with OpenSSL/1.1.1
LogInit:  - supports HTTP deflate (compression) using libz 1.2.8
LogInit:  - other features:
LogInit:      CURL_VERSION_SSL
LogInit:      CURL_VERSION_LIBZ
LogInit:      CURL_VERSION_IPV6
LogInit:      CURL_VERSION_ASYNCHDNS
LogInit:      CURL_VERSION_LARGEFILE
LogInit:      CURL_VERSION_IDN
LogInit:  CurlRequestOptions (configurable via config and command line):
LogInit:  - bVerifyPeer = true  - Libcurl will verify peer certificate
LogInit:  - bUseHttpProxy = false  - Libcurl will NOT use HTTP proxy
LogInit:  - bDontReuseConnections = false  - Libcurl will reuse connections
LogInit:  - MaxHostConnections = 16  - Libcurl will limit the number of connections to a host
LogInit:  - LocalHostAddr = Default
LogInit:  - BufferSize = 65536
LogOnline: OSS: Creating online subsystem instance for: NULL
LogInit: WinSock: version 1.1 (2.2), MaxSocks=32767, MaxUdp=65467
LogOnline: OSS: TryLoadSubsystemAndSetDefault: Loaded subsystem for module [NULL]
LogOculusPluginWrapper: OculusPlugin initialized successfully
LogHMD: Failed initializing OVRPlugin 1.59.0
LogInit: Build: ++UE4+Release-4.27-CL-18319896
LogInit: Engine Version: 4.27.2-18319896+++UE4+Release-4.27
LogInit: Compatible Engine Version: 4.27.0-17155196+++UE4+Release-4.27
LogInit: Net CL: 17155196
LogInit: OS: Windows 10 (Release 2009) (), CPU: Intel(R) Core(TM) i7-6700K CPU @ 4.00GHz, GPU: NVIDIA GeForce GTX 980
LogInit: Compiled (64-bit): Nov 30 2021 07:12:08
LogInit: Compiled with Visual C++: 19.24.28315.00
LogInit: Build Configuration: Development
LogInit: Branch Name: ++UE4+Release-4.27
LogInit: Command Line:  /Game/Map/Layers_Map -game -PIEVIACONSOLE -Multiprocess GameUserSettingsINI=C:/Users/User/Documents/GitHub/FinalYearProject_KarimEid/Final_Year_Project_K/Saved/Config/Windows/PIEGameUserSettings0.ini -MultiprocessSaveConfig -forcepassthrough -messaging -SessionName="Play in Standalone Game" -windowed -WinX=0 -WinY=24 SAVEWINPOS=1 -ResX=1910 -ResY=1006
LogInit: Base Directory: E:/UE_4.27/Engine/Binaries/Win64/
LogInit: Allocator: TBB
LogInit: Installed Engine Build: 1
LogDevObjectVersion: Number of dev versions registered: 29
LogDevObjectVersion:   Dev-Blueprints (B0D832E4-1F89-4F0D-ACCF-7EB736FD4AA2): 10
LogDevObjectVersion:   Dev-Build (E1C64328-A22C-4D53-A36C-8E866417BD8C): 0
LogDevObjectVersion:   Dev-Core (375EC13C-06E4-48FB-B500-84F0262A717E): 4
LogDevObjectVersion:   Dev-Editor (E4B068ED-F494-42E9-A231-DA0B2E46BB41): 40
LogDevObjectVersion:   Dev-Framework (CFFC743F-43B0-4480-9391-14DF171D2073): 37
LogDevObjectVersion:   Dev-Mobile (B02B49B5-BB20-44E9-A304-32B752E40360): 3
LogDevObjectVersion:   Dev-Networking (A4E4105C-59A1-49B5-A7C5-40C4547EDFEE): 0
LogDevObjectVersion:   Dev-Online (39C831C9-5AE6-47DC-9A44-9C173E1C8E7C): 0
LogDevObjectVersion:   Dev-Physics (78F01B33-EBEA-4F98-B9B4-84EACCB95AA2): 14
LogDevObjectVersion:   Dev-Platform (6631380F-2D4D-43E0-8009-CF276956A95A): 0
LogDevObjectVersion:   Dev-Rendering (12F88B9F-8875-4AFC-A67C-D90C383ABD29): 45
LogDevObjectVersion:   Dev-Sequencer (7B5AE74C-D270-4C10-A958-57980B212A5A): 13
LogDevObjectVersion:   Dev-VR (D7296918-1DD6-4BDD-9DE2-64A83CC13884): 3
LogDevObjectVersion:   Dev-LoadTimes (C2A15278-BFE7-4AFE-6C17-90FF531DF755): 1
LogDevObjectVersion:   Private-Geometry (6EACA3D4-40EC-4CC1-B786-8BED09428FC5): 3
LogDevObjectVersion:   Dev-AnimPhys (29E575DD-E0A3-4627-9D10-D276232CDCEA): 17
LogDevObjectVersion:   Dev-Anim (AF43A65D-7FD3-4947-9873-3E8ED9C1BB05): 15
LogDevObjectVersion:   Dev-ReflectionCapture (6B266CEC-1EC7-4B8F-A30B-E4D90942FC07): 1
LogDevObjectVersion:   Dev-Automation (0DF73D61-A23F-47EA-B727-89E90C41499A): 1
LogDevObjectVersion:   FortniteMain (601D1886-AC64-4F84-AA16-D3DE0DEAC7D6): 47
LogDevObjectVersion:   FortniteRelease (E7086368-6B23-4C58-8439-1B7016265E91): 1
LogDevObjectVersion:   Dev-Enterprise (9DFFBCD6-494F-0158-E221-12823C92A888): 10
LogDevObjectVersion:   Dev-Niagara (F2AED0AC-9AFE-416F-8664-AA7FFA26D6FC): 1
LogDevObjectVersion:   Dev-Destruction (174F1F0B-B4C6-45A5-B13F-2EE8D0FB917D): 10
LogDevObjectVersion:   Dev-Physics-Ext (35F94A83-E258-406C-A318-09F59610247C): 41
LogDevObjectVersion:   Dev-PhysicsMaterial-Chaos (B68FC16E-8B1B-42E2-B453-215C058844FE): 1
LogDevObjectVersion:   Dev-CineCamera (B2E18506-4273-CFC2-A54E-F4BB758BBA07): 1
LogDevObjectVersion:   Dev-VirtualProduction (64F58936-FD1B-42BA-BA96-7289D5D0FA4E): 1
LogDevObjectVersion:   Dev-MediaFramework (6F0ED827-A609-4895-9C91-998D90180EA4): 2
LogInit: Presizing for max 25165824 objects, including 0 objects not considered by GC, pre-allocating 0 bytes for permanent pool.
LogConfig: Applying CVar settings from Section [/Script/Engine.StreamingSettings] File [C:/Users/User/Documents/GitHub/FinalYearProject_KarimEid/Final_Year_Project_K/Saved/Config/Windows/Engine.ini]
LogConfig: Setting CVar [[s.MinBulkDataSizeForAsyncLoading:131072]]
LogConfig: Setting CVar [[s.AsyncLoadingThreadEnabled:0]]
LogConfig: Setting CVar [[s.EventDrivenLoaderEnabled:1]]
LogConfig: Setting CVar [[s.WarnIfTimeLimitExceeded:0]]
LogConfig: Setting CVar [[s.TimeLimitExceededMultiplier:1.5]]
LogConfig: Setting CVar [[s.TimeLimitExceededMinTime:0.005]]
LogConfig: Setting CVar [[s.UseBackgroundLevelStreaming:1]]
LogConfig: Setting CVar [[s.PriorityAsyncLoadingExtraTime:15.0]]
LogConfig: Setting CVar [[s.LevelStreamingActorsUpdateTimeLimit:5.0]]
LogConfig: Setting CVar [[s.PriorityLevelStreamingActorsUpdateExtraTime:5.0]]
LogConfig: Setting CVar [[s.LevelStreamingComponentsRegistrationGranularity:10]]
LogConfig: Setting CVar [[s.UnregisterComponentsTimeLimit:1.0]]
LogConfig: Setting CVar [[s.LevelStreamingComponentsUnregistrationGranularity:5]]
LogConfig: Setting CVar [[s.FlushStreamingOnExit:1]]
LogInit: Object subsystem initialized
LogConfig: Setting CVar [[con.DebugEarlyDefault:1]]
LogConfig: Setting CVar [[r.setres:1280x720]]
[2023.04.24-01.22.39:113][  0]LogConfig: Setting CVar [[con.DebugEarlyDefault:1]]
[2023.04.24-01.22.39:113][  0]LogConfig: Setting CVar [[r.setres:1280x720]]
[2023.04.24-01.22.39:113][  0]LogConfig: Applying CVar settings from Section [/Script/Engine.RendererSettings] File [C:/Users/User/Documents/GitHub/FinalYearProject_KarimEid/Final_Year_Project_K/Saved/Config/Windows/Engine.ini]
[2023.04.24-01.22.39:113][  0]LogConfig: Setting CVar [[r.GPUCrashDebugging:0]]
[2023.04.24-01.22.39:113][  0]LogConfig: Applying CVar settings from Section [/Script/Engine.RendererOverrideSettings] File [C:/Users/User/Documents/GitHub/FinalYearProject_KarimEid/Final_Year_Project_K/Saved/Config/Windows/Engine.ini]
[2023.04.24-01.22.39:113][  0]LogConfig: Applying CVar settings from Section [/Script/Engine.StreamingSettings] File [C:/Users/User/Documents/GitHub/FinalYearProject_KarimEid/Final_Year_Project_K/Saved/Config/Windows/Engine.ini]
[2023.04.24-01.22.39:113][  0]LogConfig: Setting CVar [[s.MinBulkDataSizeForAsyncLoading:131072]]
[2023.04.24-01.22.39:113][  0]LogConfig: Setting CVar [[s.AsyncLoadingThreadEnabled:0]]
[2023.04.24-01.22.39:113][  0]LogConfig: Setting CVar [[s.EventDrivenLoaderEnabled:1]]
[2023.04.24-01.22.39:113][  0]LogConfig: Setting CVar [[s.WarnIfTimeLimitExceeded:0]]
[2023.04.24-01.22.39:113][  0]LogConfig: Setting CVar [[s.TimeLimitExceededMultiplier:1.5]]
[2023.04.24-01.22.39:113][  0]LogConfig: Setting CVar [[s.TimeLimitExceededMinTime:0.005]]
[2023.04.24-01.22.39:113][  0]LogConfig: Setting CVar [[s.UseBackgroundLevelStreaming:1]]
[2023.04.24-01.22.39:113][  0]LogConfig: Setting CVar [[s.PriorityAsyncLoadingExtraTime:15.0]]
[2023.04.24-01.22.39:113][  0]LogConfig: Setting CVar [[s.LevelStreamingActorsUpdateTimeLimit:5.0]]
[2023.04.24-01.22.39:113][  0]LogConfig: Setting CVar [[s.PriorityLevelStreamingActorsUpdateExtraTime:5.0]]
[2023.04.24-01.22.39:113][  0]LogConfig: Setting CVar [[s.LevelStreamingComponentsRegistrationGranularity:10]]
[2023.04.24-01.22.39:113][  0]LogConfig: Setting CVar [[s.UnregisterComponentsTimeLimit:1.0]]
[2023.04.24-01.22.39:113][  0]LogConfig: Setting CVar [[s.LevelStreamingComponentsUnregistrationGranularity:5]]
[2023.04.24-01.22.39:113][  0]LogConfig: Setting CVar [[s.FlushStreamingOnExit:1]]
[2023.04.24-01.22.39:113][  0]LogConfig: Applying CVar settings from Section [/Script/Engine.GarbageCollectionSettings] File [C:/Users/User/Documents/GitHub/FinalYearProject_KarimEid/Final_Year_Project_K/Saved/Config/Windows/Engine.ini]
[2023.04.24-01.22.39:113][  0]LogConfig: Setting CVar [[gc.MaxObjectsNotConsideredByGC:1]]
[2023.04.24-01.22.39:113][  0]LogConfig: Setting CVar [[gc.SizeOfPermanentObjectPool:0]]
[2023.04.24-01.22.39:113][  0]LogConfig: Setting CVar [[gc.FlushStreamingOnGC:0]]
[2023.04.24-01.22.39:113][  0]LogConfig: Setting CVar [[gc.NumRetriesBeforeForcingGC:10]]
[2023.04.24-01.22.39:113][  0]LogConfig: Setting CVar [[gc.AllowParallelGC:1]]
[2023.04.24-01.22.39:113][  0]LogConfig: Setting CVar [[gc.TimeBetweenPurgingPendingKillObjects:61.1]]
[2023.04.24-01.22.39:113][  0]LogConfig: Setting CVar [[gc.MaxObjectsInEditor:25165824]]
[2023.04.24-01.22.39:113][  0]LogConfig: Setting CVar [[gc.IncrementalBeginDestroyEnabled:1]]
[2023.04.24-01.22.39:113][  0]LogConfig: Setting CVar [[gc.CreateGCClusters:1]]
[2023.04.24-01.22.39:113][  0]LogConfig: Setting CVar [[gc.MinGCClusterSize:5]]
[2023.04.24-01.22.39:113][  0]LogConfig: Setting CVar [[gc.ActorClusteringEnabled:0]]
[2023.04.24-01.22.39:113][  0]LogConfig: Setting CVar [[gc.BlueprintClusteringEnabled:0]]
[2023.04.24-01.22.39:113][  0]LogConfig: Setting CVar [[gc.UseDisregardForGCOnDedicatedServers:0]]
[2023.04.24-01.22.39:113][  0]LogConfig: Setting CVar [[gc.MultithreadedDestructionEnabled:1]]
[2023.04.24-01.22.39:113][  0]LogConfig: Applying CVar settings from Section [/Script/Engine.NetworkSettings] File [C:/Users/User/Documents/GitHub/FinalYearProject_KarimEid/Final_Year_Project_K/Saved/Config/Windows/Engine.ini]
[2023.04.24-01.22.39:113][  0]LogConfig: Applying CVar settings from Section [/Script/UnrealEd.CookerSettings] File [C:/Users/User/Documents/GitHub/FinalYearProject_KarimEid/Final_Year_Project_K/Saved/Config/Windows/Engine.ini]
[2023.04.24-01.22.39:127][  0]LogConfig: Applying CVar settings from Section [ViewDistanceQuality@3] File [C:/Users/User/Documents/GitHub/FinalYearProject_KarimEid/Final_Year_Project_K/Saved/Config/Windows/Scalability.ini]
[2023.04.24-01.22.39:127][  0]LogConfig: Setting CVar [[r.SkeletalMeshLODBias:0]]
[2023.04.24-01.22.39:127][  0]LogConfig: Setting CVar [[r.ViewDistanceScale:1.0]]
[2023.04.24-01.22.39:127][  0]LogConfig: Applying CVar settings from Section [AntiAliasingQuality@3] File [C:/Users/User/Documents/GitHub/FinalYearProject_KarimEid/Final_Year_Project_K/Saved/Config/Windows/Scalability.ini]
[2023.04.24-01.22.39:127][  0]LogConfig: Setting CVar [[r.PostProcessAAQuality:4]]
[2023.04.24-01.22.39:127][  0]LogConfig: Applying CVar settings from Section [ShadowQuality@3] File [C:/Users/User/Documents/GitHub/FinalYearProject_KarimEid/Final_Year_Project_K/Saved/Config/Windows/Scalability.ini]
[2023.04.24-01.22.39:127][  0]LogConfig: Setting CVar [[r.LightFunctionQuality:1]]
[2023.04.24-01.22.39:127][  0]LogConfig: Setting CVar [[r.ShadowQuality:5]]
[2023.04.24-01.22.39:127][  0]LogConfig: Setting CVar [[r.Shadow.CSM.MaxCascades:10]]
[2023.04.24-01.22.39:127][  0]LogConfig: Setting CVar [[r.Shadow.MaxResolution:2048]]
[2023.04.24-01.22.39:127][  0]LogConfig: Setting CVar [[r.Shadow.MaxCSMResolution:2048]]
[2023.04.24-01.22.39:127][  0]LogConfig: Setting CVar [[r.Shadow.RadiusThreshold:0.01]]
[2023.04.24-01.22.39:127][  0]LogConfig: Setting CVar [[r.Shadow.DistanceScale:1.0]]
[2023.04.24-01.22.39:127][  0]LogConfig: Setting CVar [[r.Shadow.CSM.TransitionScale:1.0]]
[2023.04.24-01.22.39:127][  0]LogConfig: Setting CVar [[r.Shadow.PreShadowResolutionFactor:1.0]]
[2023.04.24-01.22.39:127][  0]LogConfig: Setting CVar [[r.DistanceFieldShadowing:1]]
[2023.04.24-01.22.39:127][  0]LogConfig: Setting CVar [[r.DistanceFieldAO:1]]
[2023.04.24-01.22.39:127][  0]LogConfig: Setting CVar [[r.AOQuality:2]]
[2023.04.24-01.22.39:127][  0]LogConfig: Setting CVar [[r.VolumetricFog:1]]
[2023.04.24-01.22.39:127][  0]LogConfig: Setting CVar [[r.VolumetricFog.GridPixelSize:8]]
[2023.04.24-01.22.39:127][  0]LogConfig: Setting CVar [[r.VolumetricFog.GridSizeZ:128]]
[2023.04.24-01.22.39:127][  0]LogConfig: Setting CVar [[r.VolumetricFog.HistoryMissSupersampleCount:4]]
[2023.04.24-01.22.39:127][  0]LogConfig: Setting CVar [[r.LightMaxDrawDistanceScale:1]]
[2023.04.24-01.22.39:127][  0]LogConfig: Setting CVar [[r.CapsuleShadows:1]]
[2023.04.24-01.22.39:127][  0]LogConfig: Applying CVar settings from Section [PostProcessQuality@3] File [C:/Users/User/Documents/GitHub/FinalYearProject_KarimEid/Final_Year_Project_K/Saved/Config/Windows/Scalability.ini]
[2023.04.24-01.22.39:127][  0]LogConfig: Setting CVar [[r.MotionBlurQuality:4]]
[2023.04.24-01.22.39:127][  0]LogConfig: Setting CVar [[r.AmbientOcclusionMipLevelFactor:0.4]]
[2023.04.24-01.22.39:127][  0]LogConfig: Setting CVar [[r.AmbientOcclusionMaxQuality:100]]
[2023.04.24-01.22.39:127][  0]LogConfig: Setting CVar [[r.AmbientOcclusionLevels:-1]]
[2023.04.24-01.22.39:127][  0]LogConfig: Setting CVar [[r.AmbientOcclusionRadiusScale:1.0]]
[2023.04.24-01.22.39:127][  0]LogConfig: Setting CVar [[r.DepthOfFieldQuality:2]]
[2023.04.24-01.22.39:127][  0]LogConfig: Setting CVar [[r.RenderTargetPoolMin:400]]
[2023.04.24-01.22.39:127][  0]LogConfig: Setting CVar [[r.LensFlareQuality:2]]
[2023.04.24-01.22.39:127][  0]LogConfig: Setting CVar [[r.SceneColorFringeQuality:1]]
[2023.04.24-01.22.39:127][  0]LogConfig: Setting CVar [[r.EyeAdaptationQuality:2]]
[2023.04.24-01.22.39:127][  0]LogConfig: Setting CVar [[r.BloomQuality:5]]
[2023.04.24-01.22.39:127][  0]LogConfig: Setting CVar [[r.FastBlurThreshold:100]]
[2023.04.24-01.22.39:127][  0]LogConfig: Setting CVar [[r.Upscale.Quality:3]]
[2023.04.24-01.22.39:127][  0]LogConfig: Setting CVar [[r.Tonemapper.GrainQuantization:1]]
[2023.04.24-01.22.39:127][  0]LogConfig: Setting CVar [[r.LightShaftQuality:1]]
[2023.04.24-01.22.39:127][  0]LogConfig: Setting CVar [[r.Filter.SizeScale:1]]
[2023.04.24-01.22.39:127][  0]LogConfig: Setting CVar [[r.Tonemapper.Quality:5]]
[2023.04.24-01.22.39:127][  0]LogConfig: Setting CVar [[r.DOF.Gather.AccumulatorQuality:1        ; higher gathering accumulator quality]]
[2023.04.24-01.22.39:127][  0]LogConfig: Setting CVar [[r.DOF.Gather.PostfilterMethod:1          ; Median3x3 postfilering method]]
[2023.04.24-01.22.39:127][  0]LogConfig: Setting CVar [[r.DOF.Gather.EnableBokehSettings:0       ; no bokeh simulation when gathering]]
[2023.04.24-01.22.39:127][  0]LogConfig: Setting CVar [[r.DOF.Gather.RingCount:4                 ; medium number of samples when gathering]]
[2023.04.24-01.22.39:127][  0]LogConfig: Setting CVar [[r.DOF.Scatter.ForegroundCompositing:1    ; additive foreground scattering]]
[2023.04.24-01.22.39:127][  0]LogConfig: Setting CVar [[r.DOF.Scatter.BackgroundCompositing:2    ; additive background scattering]]
[2023.04.24-01.22.39:127][  0]LogConfig: Setting CVar [[r.DOF.Scatter.EnableBokehSettings:1      ; bokeh simulation when scattering]]
[2023.04.24-01.22.39:127][  0]LogConfig: Setting CVar [[r.DOF.Scatter.MaxSpriteRatio:0.1         ; only a maximum of 10% of scattered bokeh]]
[2023.04.24-01.22.39:127][  0]LogConfig: Setting CVar [[r.DOF.Recombine.Quality:1                ; cheap slight out of focus]]
[2023.04.24-01.22.39:127][  0]LogConfig: Setting CVar [[r.DOF.Recombine.EnableBokehSettings:0    ; no bokeh simulation on slight out of focus]]
[2023.04.24-01.22.39:127][  0]LogConfig: Setting CVar [[r.DOF.TemporalAAQuality:1                ; more stable temporal accumulation]]
[2023.04.24-01.22.39:127][  0]LogConfig: Setting CVar [[r.DOF.Kernel.MaxForegroundRadius:0.025]]
[2023.04.24-01.22.39:127][  0]LogConfig: Setting CVar [[r.DOF.Kernel.MaxBackgroundRadius:0.025]]
[2023.04.24-01.22.39:128][  0]LogConfig: Applying CVar settings from Section [TextureQuality@3] File [C:/Users/User/Documents/GitHub/FinalYearProject_KarimEid/Final_Year_Project_K/Saved/Config/Windows/Scalability.ini]
[2023.04.24-01.22.39:128][  0]LogConfig: Setting CVar [[r.Streaming.MipBias:0]]
[2023.04.24-01.22.39:128][  0]LogConfig: Setting CVar [[r.Streaming.AmortizeCPUToGPUCopy:0]]
[2023.04.24-01.22.39:128][  0]LogConfig: Setting CVar [[r.Streaming.MaxNumTexturesToStreamPerFrame:0]]
[2023.04.24-01.22.39:128][  0]LogConfig: Setting CVar [[r.Streaming.Boost:1]]
[2023.04.24-01.22.39:128][  0]LogConfig: Setting CVar [[r.MaxAnisotropy:8]]
[2023.04.24-01.22.39:128][  0]LogConfig: Setting CVar [[r.VT.MaxAnisotropy:8]]
[2023.04.24-01.22.39:128][  0]LogConfig: Setting CVar [[r.Streaming.LimitPoolSizeToVRAM:0]]
[2023.04.24-01.22.39:128][  0]LogConfig: Setting CVar [[r.Streaming.PoolSize:1000]]
[2023.04.24-01.22.39:128][  0]LogConfig: Setting CVar [[r.Streaming.MaxEffectiveScreenSize:0]]
[2023.04.24-01.22.39:128][  0]LogConfig: Applying CVar settings from Section [EffectsQuality@3] File [C:/Users/User/Documents/GitHub/FinalYearProject_KarimEid/Final_Year_Project_K/Saved/Config/Windows/Scalability.ini]
[2023.04.24-01.22.39:128][  0]LogConfig: Setting CVar [[r.TranslucencyLightingVolumeDim:64]]
[2023.04.24-01.22.39:128][  0]LogConfig: Setting CVar [[r.RefractionQuality:2]]
[2023.04.24-01.22.39:128][  0]LogConfig: Setting CVar [[r.SSR.Quality:3]]
[2023.04.24-01.22.39:128][  0]LogConfig: Setting CVar [[r.SSR.HalfResSceneColor:0]]
[2023.04.24-01.22.39:128][  0]LogConfig: Setting CVar [[r.SceneColorFormat:4]]
[2023.04.24-01.22.39:128][  0]LogConfig: Setting CVar [[r.DetailMode:2]]
[2023.04.24-01.22.39:128][  0]LogConfig: Setting CVar [[r.TranslucencyVolumeBlur:1]]
[2023.04.24-01.22.39:128][  0]LogConfig: Setting CVar [[r.MaterialQualityLevel:1 ; High quality]]
[2023.04.24-01.22.39:128][  0]LogConfig: Setting CVar [[r.AnisotropicMaterials:1]]
[2023.04.24-01.22.39:128][  0]LogConfig: Setting CVar [[r.SSS.Scale:1]]
[2023.04.24-01.22.39:128][  0]LogConfig: Setting CVar [[r.SSS.SampleSet:2]]
[2023.04.24-01.22.39:128][  0]LogConfig: Setting CVar [[r.SSS.Quality:1]]
[2023.04.24-01.22.39:128][  0]LogConfig: Setting CVar [[r.SSS.HalfRes:0]]
[2023.04.24-01.22.39:128][  0]LogConfig: Setting CVar [[r.SSGI.Quality:3]]
[2023.04.24-01.22.39:128][  0]LogConfig: Setting CVar [[r.EmitterSpawnRateScale:1.0]]
[2023.04.24-01.22.39:128][  0]LogConfig: Setting CVar [[r.ParticleLightQuality:2]]
[2023.04.24-01.22.39:128][  0]LogConfig: Setting CVar [[r.SkyAtmosphere.AerialPerspectiveLUT.FastApplyOnOpaque:1 ; Always have FastSkyLUT 1 in this case to avoid wrong sky]]
[2023.04.24-01.22.39:128][  0]LogConfig: Setting CVar [[r.SkyAtmosphere.AerialPerspectiveLUT.SampleCountMaxPerSlice:4]]
[2023.04.24-01.22.39:128][  0]LogConfig: Setting CVar [[r.SkyAtmosphere.AerialPerspectiveLUT.DepthResolution:16.0]]
[2023.04.24-01.22.39:128][  0]LogConfig: Setting CVar [[r.SkyAtmosphere.FastSkyLUT:1]]
[2023.04.24-01.22.39:128][  0]LogConfig: Setting CVar [[r.SkyAtmosphere.FastSkyLUT.SampleCountMin:4.0]]
[2023.04.24-01.22.39:128][  0]LogConfig: Setting CVar [[r.SkyAtmosphere.FastSkyLUT.SampleCountMax:128.0]]
[2023.04.24-01.22.39:128][  0]LogConfig: Setting CVar [[r.SkyAtmosphere.SampleCountMin:4.0]]
[2023.04.24-01.22.39:128][  0]LogConfig: Setting CVar [[r.SkyAtmosphere.SampleCountMax:128.0]]
[2023.04.24-01.22.39:128][  0]LogConfig: Setting CVar [[r.SkyAtmosphere.TransmittanceLUT.UseSmallFormat:0]]
[2023.04.24-01.22.39:128][  0]LogConfig: Setting CVar [[r.SkyAtmosphere.TransmittanceLUT.SampleCount:10.0]]
[2023.04.24-01.22.39:128][  0]LogConfig: Setting CVar [[r.SkyAtmosphere.MultiScatteringLUT.SampleCount:15.0]]
[2023.04.24-01.22.39:128][  0]LogConfig: Setting CVar [[r.SkyLight.RealTimeReflectionCapture:1]]
[2023.04.24-01.22.39:128][  0]LogConfig: Applying CVar settings from Section [FoliageQuality@3] File [C:/Users/User/Documents/GitHub/FinalYearProject_KarimEid/Final_Year_Project_K/Saved/Config/Windows/Scalability.ini]
[2023.04.24-01.22.39:128][  0]LogConfig: Setting CVar [[foliage.DensityScale:1.0]]
[2023.04.24-01.22.39:128][  0]LogConfig: Setting CVar [[grass.DensityScale:1.0]]
[2023.04.24-01.22.39:128][  0]LogConfig: Applying CVar settings from Section [ShadingQuality@3] File [C:/Users/User/Documents/GitHub/FinalYearProject_KarimEid/Final_Year_Project_K/Saved/Config/Windows/Scalability.ini]
[2023.04.24-01.22.39:128][  0]LogConfig: Setting CVar [[r.HairStrands.SkyLighting.IntegrationType:2]]
[2023.04.24-01.22.39:128][  0]LogConfig: Setting CVar [[r.HairStrands.SkyAO.SampleCount:4]]
[2023.04.24-01.22.39:128][  0]LogConfig: Setting CVar [[r.HairStrands.Visibility.MSAA.SamplePerPixel:4]]
[2023.04.24-01.22.39:128][  0]LogInit: Selected Device Profile: [Windows]
[2023.04.24-01.22.39:128][  0]LogInit: Applying CVar settings loaded from the selected device profile: [Windows]
[2023.04.24-01.22.39:128][  0]LogHAL: Display: Platform has ~ 16 GB [17111027712 / 17179869184 / 16], which maps to Larger [LargestMinGB=32, LargerMinGB=12, DefaultMinGB=8, SmallerMinGB=6, SmallestMinGB=0)
[2023.04.24-01.22.39:128][  0]LogInit: Going up to parent DeviceProfile []
[2023.04.24-01.22.39:128][  0]LogConfig: Applying CVar settings from Section [ViewDistanceQuality@3] File [C:/Users/User/Documents/GitHub/FinalYearProject_KarimEid/Final_Year_Project_K/Saved/Config/Windows/Scalability.ini]
[2023.04.24-01.22.39:128][  0]LogConfig: Setting CVar [[r.SkeletalMeshLODBias:0]]
[2023.04.24-01.22.39:128][  0]LogConfig: Setting CVar [[r.ViewDistanceScale:1.0]]
[2023.04.24-01.22.39:128][  0]LogConfig: Applying CVar settings from Section [AntiAliasingQuality@3] File [C:/Users/User/Documents/GitHub/FinalYearProject_KarimEid/Final_Year_Project_K/Saved/Config/Windows/Scalability.ini]
[2023.04.24-01.22.39:128][  0]LogConfig: Setting CVar [[r.PostProcessAAQuality:4]]
[2023.04.24-01.22.39:128][  0]LogConfig: Applying CVar settings from Section [ShadowQuality@3] File [C:/Users/User/Documents/GitHub/FinalYearProject_KarimEid/Final_Year_Project_K/Saved/Config/Windows/Scalability.ini]
[2023.04.24-01.22.39:128][  0]LogConfig: Setting CVar [[r.LightFunctionQuality:1]]
[2023.04.24-01.22.39:128][  0]LogConfig: Setting CVar [[r.ShadowQuality:5]]
[2023.04.24-01.22.39:128][  0]LogConfig: Setting CVar [[r.Shadow.CSM.MaxCascades:10]]
[2023.04.24-01.22.39:128][  0]LogConfig: Setting CVar [[r.Shadow.MaxResolution:2048]]
[2023.04.24-01.22.39:128][  0]LogConfig: Setting CVar [[r.Shadow.MaxCSMResolution:2048]]
[2023.04.24-01.22.39:128][  0]LogConfig: Setting CVar [[r.Shadow.RadiusThreshold:0.01]]
[2023.04.24-01.22.39:129][  0]LogConfig: Setting CVar [[r.Shadow.DistanceScale:1.0]]
[2023.04.24-01.22.39:129][  0]LogConfig: Setting CVar [[r.Shadow.CSM.TransitionScale:1.0]]
[2023.04.24-01.22.39:129][  0]LogConfig: Setting CVar [[r.Shadow.PreShadowResolutionFactor:1.0]]
[2023.04.24-01.22.39:129][  0]LogConfig: Setting CVar [[r.DistanceFieldShadowing:1]]
[2023.04.24-01.22.39:129][  0]LogConfig: Setting CVar [[r.DistanceFieldAO:1]]
[2023.04.24-01.22.39:129][  0]LogConfig: Setting CVar [[r.AOQuality:2]]
[2023.04.24-01.22.39:129][  0]LogConfig: Setting CVar [[r.VolumetricFog:1]]
[2023.04.24-01.22.39:129][  0]LogConfig: Setting CVar [[r.VolumetricFog.GridPixelSize:8]]
[2023.04.24-01.22.39:129][  0]LogConfig: Setting CVar [[r.VolumetricFog.GridSizeZ:128]]
[2023.04.24-01.22.39:129][  0]LogConfig: Setting CVar [[r.VolumetricFog.HistoryMissSupersampleCount:4]]
[2023.04.24-01.22.39:129][  0]LogConfig: Setting CVar [[r.LightMaxDrawDistanceScale:1]]
[2023.04.24-01.22.39:129][  0]LogConfig: Setting CVar [[r.CapsuleShadows:1]]
[2023.04.24-01.22.39:129][  0]LogConfig: Applying CVar settings from Section [PostProcessQuality@3] File [C:/Users/User/Documents/GitHub/FinalYearProject_KarimEid/Final_Year_Project_K/Saved/Config/Windows/Scalability.ini]
[2023.04.24-01.22.39:129][  0]LogConfig: Setting CVar [[r.MotionBlurQuality:4]]
[2023.04.24-01.22.39:129][  0]LogConfig: Setting CVar [[r.AmbientOcclusionMipLevelFactor:0.4]]
[2023.04.24-01.22.39:129][  0]LogConfig: Setting CVar [[r.AmbientOcclusionMaxQuality:100]]
[2023.04.24-01.22.39:129][  0]LogConfig: Setting CVar [[r.AmbientOcclusionLevels:-1]]
[2023.04.24-01.22.39:129][  0]LogConfig: Setting CVar [[r.AmbientOcclusionRadiusScale:1.0]]
[2023.04.24-01.22.39:129][  0]LogConfig: Setting CVar [[r.DepthOfFieldQuality:2]]
[2023.04.24-01.22.39:129][  0]LogConfig: Setting CVar [[r.RenderTargetPoolMin:400]]
[2023.04.24-01.22.39:129][  0]LogConfig: Setting CVar [[r.LensFlareQuality:2]]
[2023.04.24-01.22.39:129][  0]LogConfig: Setting CVar [[r.SceneColorFringeQuality:1]]
[2023.04.24-01.22.39:129][  0]LogConfig: Setting CVar [[r.EyeAdaptationQuality:2]]
[2023.04.24-01.22.39:129][  0]LogConfig: Setting CVar [[r.BloomQuality:5]]
[2023.04.24-01.22.39:129][  0]LogConfig: Setting CVar [[r.FastBlurThreshold:100]]
[2023.04.24-01.22.39:129][  0]LogConfig: Setting CVar [[r.Upscale.Quality:3]]
[2023.04.24-01.22.39:129][  0]LogConfig: Setting CVar [[r.Tonemapper.GrainQuantization:1]]
[2023.04.24-01.22.39:129][  0]LogConfig: Setting CVar [[r.LightShaftQuality:1]]
[2023.04.24-01.22.39:129][  0]LogConfig: Setting CVar [[r.Filter.SizeScale:1]]
[2023.04.24-01.22.39:129][  0]LogConfig: Setting CVar [[r.Tonemapper.Quality:5]]
[2023.04.24-01.22.39:129][  0]LogConfig: Setting CVar [[r.DOF.Gather.AccumulatorQuality:1        ; higher gathering accumulator quality]]
[2023.04.24-01.22.39:129][  0]LogConfig: Setting CVar [[r.DOF.Gather.PostfilterMethod:1          ; Median3x3 postfilering method]]
[2023.04.24-01.22.39:129][  0]LogConfig: Setting CVar [[r.DOF.Gather.EnableBokehSettings:0       ; no bokeh simulation when gathering]]
[2023.04.24-01.22.39:129][  0]LogConfig: Setting CVar [[r.DOF.Gather.RingCount:4                 ; medium number of samples when gathering]]
[2023.04.24-01.22.39:129][  0]LogConfig: Setting CVar [[r.DOF.Scatter.ForegroundCompositing:1    ; additive foreground scattering]]
[2023.04.24-01.22.39:129][  0]LogConfig: Setting CVar [[r.DOF.Scatter.BackgroundCompositing:2    ; additive background scattering]]
[2023.04.24-01.22.39:129][  0]LogConfig: Setting CVar [[r.DOF.Scatter.EnableBokehSettings:1      ; bokeh simulation when scattering]]
[2023.04.24-01.22.39:129][  0]LogConfig: Setting CVar [[r.DOF.Scatter.MaxSpriteRatio:0.1         ; only a maximum of 10% of scattered bokeh]]
[2023.04.24-01.22.39:129][  0]LogConfig: Setting CVar [[r.DOF.Recombine.Quality:1                ; cheap slight out of focus]]
[2023.04.24-01.22.39:129][  0]LogConfig: Setting CVar [[r.DOF.Recombine.EnableBokehSettings:0    ; no bokeh simulation on slight out of focus]]
[2023.04.24-01.22.39:129][  0]LogConfig: Setting CVar [[r.DOF.TemporalAAQuality:1                ; more stable temporal accumulation]]
[2023.04.24-01.22.39:129][  0]LogConfig: Setting CVar [[r.DOF.Kernel.MaxForegroundRadius:0.025]]
[2023.04.24-01.22.39:129][  0]LogConfig: Setting CVar [[r.DOF.Kernel.MaxBackgroundRadius:0.025]]
[2023.04.24-01.22.39:129][  0]LogConfig: Applying CVar settings from Section [TextureQuality@3] File [C:/Users/User/Documents/GitHub/FinalYearProject_KarimEid/Final_Year_Project_K/Saved/Config/Windows/Scalability.ini]
[2023.04.24-01.22.39:129][  0]LogConfig: Setting CVar [[r.Streaming.MipBias:0]]
[2023.04.24-01.22.39:129][  0]LogConfig: Setting CVar [[r.Streaming.AmortizeCPUToGPUCopy:0]]
[2023.04.24-01.22.39:129][  0]LogConfig: Setting CVar [[r.Streaming.MaxNumTexturesToStreamPerFrame:0]]
[2023.04.24-01.22.39:129][  0]LogConfig: Setting CVar [[r.Streaming.Boost:1]]
[2023.04.24-01.22.39:129][  0]LogConfig: Setting CVar [[r.MaxAnisotropy:8]]
[2023.04.24-01.22.39:129][  0]LogConfig: Setting CVar [[r.VT.MaxAnisotropy:8]]
[2023.04.24-01.22.39:129][  0]LogConfig: Setting CVar [[r.Streaming.LimitPoolSizeToVRAM:0]]
[2023.04.24-01.22.39:129][  0]LogConfig: Setting CVar [[r.Streaming.PoolSize:1000]]
[2023.04.24-01.22.39:129][  0]LogConfig: Setting CVar [[r.Streaming.MaxEffectiveScreenSize:0]]
[2023.04.24-01.22.39:129][  0]LogConfig: Applying CVar settings from Section [EffectsQuality@3] File [C:/Users/User/Documents/GitHub/FinalYearProject_KarimEid/Final_Year_Project_K/Saved/Config/Windows/Scalability.ini]
[2023.04.24-01.22.39:129][  0]LogConfig: Setting CVar [[r.TranslucencyLightingVolumeDim:64]]
[2023.04.24-01.22.39:129][  0]LogConfig: Setting CVar [[r.RefractionQuality:2]]
[2023.04.24-01.22.39:129][  0]LogConfig: Setting CVar [[r.SSR.Quality:3]]
[2023.04.24-01.22.39:129][  0]LogConfig: Setting CVar [[r.SSR.HalfResSceneColor:0]]
[2023.04.24-01.22.39:129][  0]LogConfig: Setting CVar [[r.SceneColorFormat:4]]
[2023.04.24-01.22.39:129][  0]LogConfig: Setting CVar [[r.DetailMode:2]]
[2023.04.24-01.22.39:129][  0]LogConfig: Setting CVar [[r.TranslucencyVolumeBlur:1]]
[2023.04.24-01.22.39:129][  0]LogConfig: Setting CVar [[r.MaterialQualityLevel:1 ; High quality]]
[2023.04.24-01.22.39:129][  0]LogConfig: Setting CVar [[r.AnisotropicMaterials:1]]
[2023.04.24-01.22.39:129][  0]LogConfig: Setting CVar [[r.SSS.Scale:1]]
[2023.04.24-01.22.39:129][  0]LogConfig: Setting CVar [[r.SSS.SampleSet:2]]
[2023.04.24-01.22.39:129][  0]LogConfig: Setting CVar [[r.SSS.Quality:1]]
[2023.04.24-01.22.39:129][  0]LogConfig: Setting CVar [[r.SSS.HalfRes:0]]
[2023.04.24-01.22.39:129][  0]LogConfig: Setting CVar [[r.SSGI.Quality:3]]
[2023.04.24-01.22.39:129][  0]LogConfig: Setting CVar [[r.EmitterSpawnRateScale:1.0]]
[2023.04.24-01.22.39:129][  0]LogConfig: Setting CVar [[r.ParticleLightQuality:2]]
[2023.04.24-01.22.39:129][  0]LogConfig: Setting CVar [[r.SkyAtmosphere.AerialPerspectiveLUT.FastApplyOnOpaque:1 ; Always have FastSkyLUT 1 in this case to avoid wrong sky]]
[2023.04.24-01.22.39:129][  0]LogConfig: Setting CVar [[r.SkyAtmosphere.AerialPerspectiveLUT.SampleCountMaxPerSlice:4]]
[2023.04.24-01.22.39:129][  0]LogConfig: Setting CVar [[r.SkyAtmosphere.AerialPerspectiveLUT.DepthResolution:16.0]]
[2023.04.24-01.22.39:129][  0]LogConfig: Setting CVar [[r.SkyAtmosphere.FastSkyLUT:1]]
[2023.04.24-01.22.39:129][  0]LogConfig: Setting CVar [[r.SkyAtmosphere.FastSkyLUT.SampleCountMin:4.0]]
[2023.04.24-01.22.39:129][  0]LogConfig: Setting CVar [[r.SkyAtmosphere.FastSkyLUT.SampleCountMax:128.0]]
[2023.04.24-01.22.39:129][  0]LogConfig: Setting CVar [[r.SkyAtmosphere.SampleCountMin:4.0]]
[2023.04.24-01.22.39:129][  0]LogConfig: Setting CVar [[r.SkyAtmosphere.SampleCountMax:128.0]]
[2023.04.24-01.22.39:129][  0]LogConfig: Setting CVar [[r.SkyAtmosphere.TransmittanceLUT.UseSmallFormat:0]]
[2023.04.24-01.22.39:129][  0]LogConfig: Setting CVar [[r.SkyAtmosphere.TransmittanceLUT.SampleCount:10.0]]
[2023.04.24-01.22.39:129][  0]LogConfig: Setting CVar [[r.SkyAtmosphere.MultiScatteringLUT.SampleCount:15.0]]
[2023.04.24-01.22.39:130][  0]LogConfig: Setting CVar [[r.SkyLight.RealTimeReflectionCapture:1]]
[2023.04.24-01.22.39:130][  0]LogConfig: Applying CVar settings from Section [FoliageQuality@3] File [C:/Users/User/Documents/GitHub/FinalYearProject_KarimEid/Final_Year_Project_K/Saved/Config/Windows/Scalability.ini]
[2023.04.24-01.22.39:130][  0]LogConfig: Setting CVar [[foliage.DensityScale:1.0]]
[2023.04.24-01.22.39:130][  0]LogConfig: Setting CVar [[grass.DensityScale:1.0]]
[2023.04.24-01.22.39:130][  0]LogConfig: Applying CVar settings from Section [ShadingQuality@3] File [C:/Users/User/Documents/GitHub/FinalYearProject_KarimEid/Final_Year_Project_K/Saved/Config/Windows/Scalability.ini]
[2023.04.24-01.22.39:130][  0]LogConfig: Setting CVar [[r.HairStrands.SkyLighting.IntegrationType:2]]
[2023.04.24-01.22.39:130][  0]LogConfig: Setting CVar [[r.HairStrands.SkyAO.SampleCount:4]]
[2023.04.24-01.22.39:130][  0]LogConfig: Setting CVar [[r.HairStrands.Visibility.MSAA.SamplePerPixel:4]]
[2023.04.24-01.22.39:130][  0]LogConfig: Applying CVar settings from Section [Startup] File [../../../Engine/Config/ConsoleVariables.ini]
[2023.04.24-01.22.39:130][  0]LogConfig: Setting CVar [[net.UseAdaptiveNetUpdateFrequency:0]]
[2023.04.24-01.22.39:130][  0]LogConfig: Setting CVar [[p.chaos.AllowCreatePhysxBodies:1]]
[2023.04.24-01.22.39:130][  0]LogConfig: Setting CVar [[fx.SkipVectorVMBackendOptimizations:1]]
[2023.04.24-01.22.39:130][  0]LogConfig: Applying CVar settings from Section [ConsoleVariables] File [C:/Users/User/Documents/GitHub/FinalYearProject_KarimEid/Final_Year_Project_K/Saved/Config/Windows/Engine.ini]
[2023.04.24-01.22.39:130][  0]LogConfig: Applying CVar settings from Section [ConsoleVariables] File [C:/Users/User/Documents/GitHub/FinalYearProject_KarimEid/Final_Year_Project_K/Saved/Config/Windows/Editor.ini]
[2023.04.24-01.22.39:130][  0]LogInit: Computer: DESKTOP-RK09O3I
[2023.04.24-01.22.39:130][  0]LogInit: User: User
[2023.04.24-01.22.39:130][  0]LogInit: CPU Page size=4096, Cores=4
[2023.04.24-01.22.39:130][  0]LogInit: High frequency timer resolution =10.000000 MHz
[2023.04.24-01.22.39:130][  0]LogMemory: Memory total: Physical=15.9GB (16GB approx)
[2023.04.24-01.22.39:130][  0]LogMemory: Platform Memory Stats for Windows
[2023.04.24-01.22.39:130][  0]LogMemory: Process Physical Memory: 144.57 MB used, 144.57 MB peak
[2023.04.24-01.22.39:130][  0]LogMemory: Process Virtual Memory: 116.58 MB used, 116.58 MB peak
[2023.04.24-01.22.39:130][  0]LogMemory: Physical Memory: 10201.87 MB used,  6116.48 MB free, 16318.35 MB total
[2023.04.24-01.22.39:130][  0]LogMemory: Virtual Memory: 134210624.00 MB used,  7101.21 MB free, 134217728.00 MB total
[2023.04.24-01.22.39:135][  0]LogWindows: WindowsPlatformFeatures enabled
[2023.04.24-01.22.39:178][  0]LogInit: Physics initialised using underlying interface: PhysX
[2023.04.24-01.22.39:178][  0]LogInit: Using OS detected language (en-GB).
[2023.04.24-01.22.39:178][  0]LogInit: Using OS detected locale (en-GB).
[2023.04.24-01.22.39:180][  0]LogTextLocalizationManager: No specific localization for 'en-GB' exists, so the 'en' localization will be used.
[2023.04.24-01.22.39:414][  0]LogWindowsTextInputMethodSystem: Display: IME system deactivated.
[2023.04.24-01.22.39:448][  0]LogSlate: New Slate User Created.  User Index 0, Is Virtual User: 0
[2023.04.24-01.22.39:448][  0]LogSlate: Slate User Registered.  User Index 0, Is Virtual User: 0
[2023.04.24-01.22.39:469][  0]LogD3D11RHI: Loaded GFSDK_Aftermath_Lib.x64.dll
[2023.04.24-01.22.39:472][  0]LogHMD: Failed to initialize OpenVR with code 110
[2023.04.24-01.22.39:472][  0]LogD3D11RHI: D3D11 min allowed feature level: 11_0
[2023.04.24-01.22.39:472][  0]LogD3D11RHI: D3D11 max allowed feature level: 11_0
[2023.04.24-01.22.39:472][  0]LogD3D11RHI: D3D11 adapters:
[2023.04.24-01.22.39:613][  0]LogD3D11RHI:    0. 'NVIDIA GeForce GTX 980' (Feature Level 11_0)
[2023.04.24-01.22.39:613][  0]LogD3D11RHI:       4047/0/8159 MB DedicatedVideo/DedicatedSystem/SharedSystem, Outputs:1, VendorId:0x10de
[2023.04.24-01.22.39:615][  0]LogD3D11RHI:    1. 'Microsoft Basic Render Driver' (Feature Level 11_0)
[2023.04.24-01.22.39:615][  0]LogD3D11RHI:       0/0/8159 MB DedicatedVideo/DedicatedSystem/SharedSystem, Outputs:0, VendorId:0x1414
[2023.04.24-01.22.39:615][  0]LogD3D11RHI: Chosen D3D11 Adapter:
[2023.04.24-01.22.39:615][  0]LogD3D11RHI:     Description : NVIDIA GeForce GTX 980
[2023.04.24-01.22.39:615][  0]LogD3D11RHI:     VendorId    : 10de
[2023.04.24-01.22.39:615][  0]LogD3D11RHI:     DeviceId    : 13c0
[2023.04.24-01.22.39:615][  0]LogD3D11RHI:     SubSysId    : 36691458
[2023.04.24-01.22.39:615][  0]LogD3D11RHI:     Revision    : 00a1
[2023.04.24-01.22.39:615][  0]LogD3D11RHI:     DedicatedVideoMemory : 4244373504 bytes
[2023.04.24-01.22.39:615][  0]LogD3D11RHI:     DedicatedSystemMemory : 0 bytes
[2023.04.24-01.22.39:615][  0]LogD3D11RHI:     SharedSystemMemory : 8555513856 bytes
[2023.04.24-01.22.39:615][  0]LogD3D11RHI:     AdapterLuid : 0 61676
[2023.04.24-01.22.39:621][  0]LogD3D11RHI: Creating new Direct3DDevice
[2023.04.24-01.22.39:621][  0]LogD3D11RHI:     GPU DeviceId: 0x13c0 (for the marketing name, search the web for "GPU Device Id")
[2023.04.24-01.22.39:621][  0]LogWindows: EnumDisplayDevices:
[2023.04.24-01.22.39:621][  0]LogWindows:    0. 'NVIDIA GeForce GTX 980' (P:1 D:1)
[2023.04.24-01.22.39:622][  0]LogWindows:    1. 'NVIDIA GeForce GTX 980' (P:0 D:0)
[2023.04.24-01.22.39:622][  0]LogWindows:    2. 'NVIDIA GeForce GTX 980' (P:0 D:0)
[2023.04.24-01.22.39:622][  0]LogWindows:    3. 'NVIDIA GeForce GTX 980' (P:0 D:0)
[2023.04.24-01.22.39:622][  0]LogWindows: DebugString: FoundDriverCount:4 
[2023.04.24-01.22.39:622][  0]LogD3D11RHI:     Adapter Name: NVIDIA GeForce GTX 980
[2023.04.24-01.22.39:622][  0]LogD3D11RHI:   Driver Version: 531.41 (internal:31.0.15.3141, unified:531.41)
[2023.04.24-01.22.39:622][  0]LogD3D11RHI:      Driver Date: 3-16-2023
[2023.04.24-01.22.39:622][  0]LogRHI: Texture pool is 2833 MB (70% of 4047 MB)
[2023.04.24-01.22.39:622][  0]LogD3D11RHI: Creating D3DDevice using adapter:
[2023.04.24-01.22.39:622][  0]LogD3D11RHI:     Description : NVIDIA GeForce GTX 980
[2023.04.24-01.22.39:622][  0]LogD3D11RHI:     VendorId    : 10de
[2023.04.24-01.22.39:622][  0]LogD3D11RHI:     DeviceId    : 13c0
[2023.04.24-01.22.39:622][  0]LogD3D11RHI:     SubSysId    : 36691458
[2023.04.24-01.22.39:622][  0]LogD3D11RHI:     Revision    : 00a1
[2023.04.24-01.22.39:622][  0]LogD3D11RHI:     DedicatedVideoMemory : 4244373504 bytes
[2023.04.24-01.22.39:622][  0]LogD3D11RHI:     DedicatedSystemMemory : 0 bytes
[2023.04.24-01.22.39:622][  0]LogD3D11RHI:     SharedSystemMemory : 8555513856 bytes
[2023.04.24-01.22.39:623][  0]LogD3D11RHI:     AdapterLuid : 0 61676
[2023.04.24-01.22.39:711][  0]LogD3D11RHI: RHI has support for 64 bit atomics
[2023.04.24-01.22.39:711][  0]LogD3D11RHI: Async texture creation enabled
[2023.04.24-01.22.39:711][  0]LogD3D11RHI: Array index from any shader is supported
[2023.04.24-01.22.39:731][  0]LogD3D11RHI: GPU Timing Frequency: 1000.000000 (Debug: 2 1)
[2023.04.24-01.22.39:773][  0]LogRHI: GeForceNow SDK initialized: 1
[2023.04.24-01.22.40:056][  0]LogTargetPlatformManager: Display: Loaded TargetPlatform 'WindowsNoEditor'
[2023.04.24-01.22.40:060][  0]LogTargetPlatformManager: Display: Loaded TargetPlatform 'Windows'
[2023.04.24-01.22.40:063][  0]LogTargetPlatformManager: Display: Loaded TargetPlatform 'WindowsClient'
[2023.04.24-01.22.40:067][  0]LogTargetPlatformManager: Display: Loaded TargetPlatform 'WindowsServer'
[2023.04.24-01.22.40:067][  0]LogTargetPlatformManager: Display: Building Assets For Windows
[2023.04.24-01.22.40:072][  0]LogAudioDebug: Display: Lib vorbis DLL was dynamically loaded.
[2023.04.24-01.22.40:094][  0]LogTextureFormatOodle: Display: Oodle Texture 2.9.0 init RDO Off
[2023.04.24-01.22.40:119][  0]LogRendererCore: Ray tracing is disabled. Reason: r.RayTracing=0.
[2023.04.24-01.22.40:119][  0]LogShaderCompilers: Guid format shader working directory is -32 characters bigger than the processId version (C:/Users/User/Documents/GitHub/FinalYearProject_KarimEid/Final_Year_Project_K/Intermediate/Shaders/WorkingDirectory/2448/).
[2023.04.24-01.22.40:119][  0]LogShaderCompilers: Cleaned the shader compiler working directory 'C:/Users/User/AppData/Local/Temp/UnrealShaderWorkingDir/40CC85FF4F786FF3D44B4F89EBD8653D/'.
[2023.04.24-01.22.40:119][  0]LogXGEController: Cannot use XGE Controller as Incredibuild is not installed on this machine.
[2023.04.24-01.22.40:120][  0]LogShaderCompilers: Cannot use XGE Shader Compiler as Incredibuild is not installed on this machine.
[2023.04.24-01.22.40:120][  0]LogShaderCompilers: Display: Using Local Shader Compiler.
[2023.04.24-01.22.40:810][  0]LogDerivedDataCache: Display: Max Cache Size: 512 MB
[2023.04.24-01.22.40:866][  0]LogDerivedDataCache: Loaded boot cache 0.06s 94MB C:/Users/User/AppData/Local/UnrealEngine/4.27/DerivedDataCache/Boot.ddc.
[2023.04.24-01.22.40:866][  0]LogDerivedDataCache: Display: Loaded Boot cache: C:/Users/User/AppData/Local/UnrealEngine/4.27/DerivedDataCache/Boot.ddc
[2023.04.24-01.22.40:866][  0]LogDerivedDataCache: FDerivedDataBackendGraph:  Pak pak cache file C:/Users/User/Documents/GitHub/FinalYearProject_KarimEid/Final_Year_Project_K/DerivedDataCache/DDC.ddp not found, will not use a pak cache.
[2023.04.24-01.22.40:866][  0]LogDerivedDataCache: Unable to find inner node Pak for hierarchical cache Hierarchy.
[2023.04.24-01.22.40:866][  0]LogDerivedDataCache: FDerivedDataBackendGraph:  CompressedPak pak cache file C:/Users/User/Documents/GitHub/FinalYearProject_KarimEid/Final_Year_Project_K/DerivedDataCache/Compressed.ddp not found, will not use a pak cache.
[2023.04.24-01.22.40:866][  0]LogDerivedDataCache: Unable to find inner node CompressedPak for hierarchical cache Hierarchy.
[2023.04.24-01.22.40:882][  0]LogDerivedDataCache: Display: Pak cache opened for reading ../../../Engine/DerivedDataCache/Compressed.ddp.
[2023.04.24-01.22.40:882][  0]LogDerivedDataCache: FDerivedDataBackendGraph:  EnterprisePak pak cache file ../../../Enterprise/DerivedDataCache/Compressed.ddp not found, will not use a pak cache.
[2023.04.24-01.22.40:882][  0]LogDerivedDataCache: Unable to find inner node EnterprisePak for hierarchical cache Hierarchy.
[2023.04.24-01.22.40:898][  0]LogDerivedDataCache: Speed tests for C:/Users/User/AppData/Local/UnrealEngine/Common/DerivedDataCache took 0.02 seconds
[2023.04.24-01.22.40:898][  0]LogDerivedDataCache: Display: Performance to C:/Users/User/AppData/Local/UnrealEngine/Common/DerivedDataCache: Latency=0.03ms. RandomReadSpeed=1370.82MBs, RandomWriteSpeed=59.12MBs. Assigned SpeedClass 'Local'
[2023.04.24-01.22.40:899][  0]LogDerivedDataCache: Using Local data cache path C:/Users/User/AppData/Local/UnrealEngine/Common/DerivedDataCache: Writable
[2023.04.24-01.22.40:899][  0]LogDerivedDataCache: Shared data cache path not found in *engine.ini, will not use an Shared cache.
[2023.04.24-01.22.40:899][  0]LogDerivedDataCache: Unable to find inner node Shared for hierarchical cache Hierarchy.
[2023.04.24-01.22.40:936][  0]LogSlate: Using FreeType 2.10.0
[2023.04.24-01.22.40:936][  0]LogSlate: SlateFontServices - WITH_FREETYPE: 1, WITH_HARFBUZZ: 1
[2023.04.24-01.22.41:012][  0]LogInit: Using OS detected language (en-GB).
[2023.04.24-01.22.41:012][  0]LogInit: Using OS detected locale (en-GB).
[2023.04.24-01.22.41:012][  0]LogTextLocalizationManager: No localization for 'en-GB' exists, so 'en' will be used for the language.
[2023.04.24-01.22.41:012][  0]LogTextLocalizationManager: No localization for 'en-GB' exists, so 'en' will be used for the locale.
[2023.04.24-01.22.41:013][  0]LogSlate: FontCache flush requested. Reason: Culture for localization was changed
[2023.04.24-01.22.41:013][  0]LogSlate: FontCache flush requested. Reason: Culture for localization was changed
[2023.04.24-01.22.41:015][  0]LogTextLocalizationManager: Compacting localization data took   0.00ms
[2023.04.24-01.22.41:015][  0]LogAssetRegistry: FAssetRegistry took 0.0017 seconds to start up
[2023.04.24-01.22.41:168][  0]LogPackageLocalizationCache: Processed 27 localized package path(s) for 1 prioritized culture(s) in 0.000973 seconds
[2023.04.24-01.22.41:227][  0]LogInit: Selected Device Profile: [Windows]
[2023.04.24-01.22.41:227][  0]LogInit: Active device profile: [00000259DC29D000][00000259D43F9200 49] Windows
[2023.04.24-01.22.41:227][  0]LogInit: Profiles: [00000259DC29D000][00000259D43F9200 49] Windows, [00000259DC26E400][00000259D3B4D380 49] WindowsNoEditor, [00000259DC29E000][00000259D3B51500 49] WindowsServer, [00000259DC26C900][00000259D3B55680 49] WindowsClient, [00000259DC29D200][00000259D42B1800 49] IOS, [00000259DC26FB00][00000259D3B49940 49] iPadAir, [00000259DC29F500][00000259D42B5A80 49] iPadAir2, [00000259DC219300][00000259D42BC140 49] IPadPro, [00000259DC219400][00000259D42B8180 49] iPadAir3, [00000259DC26CB00][00000259D42C4300 49] iPadAir4, [00000259DC21A100][00000259D42C8480 49] iPadMini2, [00000259DC26F000][00000259D42CC600 49] iPadMini3, [00000259DC21AC00][00000259D42D0780 49] iPadMini4, [00000259DC26DD00][00000259D42D4900 49] iPadMini5, [00000259DC25CF00][00000259D42DCBC0 49] iPhone6, [00000259DC25D000][00000259D42D8C00 49] iPodTouch6, [00000259DC29F800][00000259D42E4EC0 49] iPhone7, [00000259DC29E900][00000259D42E0F00 49] iPodTouch7, [00000259DC219B00][00000259D42E9080 49] iPhone5S, [00000259DC29D400][00000259D42ED200 49] iPhone6Plus, [00000259DC29C700][00000259D42F1380 49] iPhone6S, [00000259DC25C900][00000259D42F5500 49] iPhone6SPlus, [00000259DC29D500][00000259D42F9680 49] iPhone7Plus, [00000259DC29F100][00000259D417B800 49] iPhoneSE, [00000259DC29F700][00000259D417F980 49] iPhone8, [00000259DC25D700][00000259D42C1AC0 49] iPhone8Plus, [00000259DC21BB00][00000259D4183C00 49] iPhoneX, [00000259DC25FF00][00000259D41861C0 49] iPhoneXS, [00000259DC21B200][00000259D418A300 49] iPhoneXSMax, [00000259DC25F800][00000259D4192480 49] iPhoneXR, [00000259DC219200][00000259D4196600 49] iPhone11, [00000259DC25DF00][00000259D419A780 49] iPhone11Pro, [00000259DC21A500][00000259D419E900 49] iPhone11ProMax, [00000259DC25F000][00000259D41A2A80 49] iPhoneSE2, [00000259DC218100][00000259D41A6C00 49] iPhone12Mini, [00000259DC25E300][00000259D41AAD80 49] iPhone12, [00000259DC21BC00][00000259D41AEF00 49] iPhone12Pro, [00000259DC25C500][00000259D41B3080 49] iPhone12ProMax, [00000259DC219700][00000259D41B7200 49] iPadPro105, [00000259DC25D300][00000259D41BB380 49] iPadPro129, [00000259DC21AF00][00000259D41BF500 49] iPadPro97, [00000259DC25D200][00000259D41C3680 49] iPadPro2_129, [00000259DC21B500][00000259D41C7800 49] iPad5, [00000259DC25CC00][00000259D41CB980 49] iPad6, [00000259DC219C00][00000259D41CFB00 49] iPad7, [00000259DC25E500][00000259D41D2100 49] iPad8, [00000259DC219F00][00000259D418E240 49] iPadPro11, [00000259DC25C200][00000259D41D6380 49] iPadPro2_11, [00000259DC219800][00000259D41DA4C0 49] iPadPro3_129, [00000259DC25F100][00000259D4604640 49] iPadPro4_129, [00000259DC21A700][00000259D46087C0 49] AppleTV, [00000259DC25E400][00000259D460C940 49] AppleTV4K, [00000259DC21AD00][00000259D4610AC0 49] TVOS, [00000259DC25D600][00000259D4614C40 49] Mac, [00000259DC21A300][00000259D4618DC0 49] MacClient, [00000259DC25DE00][00000259D461CF40 49] MacNoEditor, [00000259DC21AE00][00000259D46210C0 49] MacServer, [00000259DC25DB00][00000259D4625240 49] Linux, [00000259DC21A600][00000259D46293C0 49] LinuxAArch64, [00000259DC25DA00][00000259D462D540 49] LinuxNoEditor, [00000259DC21B700][00000259D46316C0 49] LinuxAArch64NoEditor, [00000259DC25C300][00000259D4635840 49] LinuxClient, [00000259DC218400][00000259D46399C0 49] LinuxAArch64Client, [00000259DC25EB00][00000259D463DB40 49] LinuxServer, [00000259DC21BD00][00000259D4640140 49] LinuxAArch64Server, [00000259DC25CA00][00000259D46442C0 49] Android, [00000259DC219A00][00000259D4600400 49] Android_Low, [00000259DC25FA00][00000259D4648540 49] Android_Mid, [00000259DC21B300][00000259D464C680 49] Android_High, [00000259DC25F900][00000259D46507C0 49] Android_Default, [00000259DC21BA00][00000259D4658940 49] Android_Adreno4xx, [00000259DC25E600][00000259D465CAC0 49] Android_Adreno5xx_Low, [00000259DC21AA00][00000259D4660C40 49] Android_Adreno5xx, [00000259DC25F700][00000259D4664DC0 49] Android_Adreno6xx, [00000259DC219E00][00000259D4668F40 49] Android_Adreno6xx_Vulkan, [00000259DC25F500][00000259D466D0C0 49] Android_Mali_T6xx, [00000259DC29D800][00000259D4671240 49] Android_Mali_T7xx, [00000259DC26CF00][00000259D46753C0 49] Android_Mali_T8xx, [00000259DC29DB00][00000259D4679540 49] Android_Mali_G71, [00000259DC26E700][00000259D467D6C0 49] Android_Mali_G72, [00000259DC29C900][00000259D4681840 49] Android_Mali_G72_Vulkan, [00000259DC26D900][00000259D46859C0 49] Android_Mali_G76, [00000259DC29F400][00000259D4689B40 49] Android_Mali_G76_Vulkan, [00000259DC26C400][00000259D468C140 49] Android_Mali_G77, [00000259DC29F200][00000259D46902C0 49] Android_Mali_G77_Vulkan, [00000259DC26C700][00000259D4694440 49] Android_Mali_G78, [00000259DC29F300][00000259D4654580 49] Android_Mali_G78_Vulkan, [00000259DC26DA00][00000259D46986C0 49] Android_Mali_G710, [00000259DC29FB00][00000259D469C800 49] Android_Mali_G710_Vulkan, [00000259DC26F100][00000259D46A0940 49] Android_Vulkan_SM5, [00000259DC29DF00][00000259D46A8AC0 49] Android_PowerVR_G6xxx, [00000259DC26E500][00000259D46ACC40 49] Android_PowerVR_GT7xxx, [00000259DC29EC00][00000259D46B0DC0 49] Android_PowerVR_GE8xxx, [00000259DC26EC00][00000259D46B4F40 49] Android_PowerVR_GM9xxx, [00000259DC29D600][00000259D46B90C0 49] Android_PowerVR_GM9xxx_Vulkan, [00000259DC26FF00][00000259D46BD240 49] Android_TegraK1, [00000259DC29C200][00000259D46C13C0 49] Android_Unknown_Vulkan, [00000259DC26E800][00000259D46C5540 49] Lumin, [00000259DC29CF00][00000259D46C96C0 49] Lumin_Desktop, [00000259DC26C600][00000259D46CD840 49] HoloLens, 
[2023.04.24-01.22.41:260][  0]LogMeshReduction: Using QuadricMeshReduction for automatic static mesh reduction
[2023.04.24-01.22.41:260][  0]LogMeshReduction: Using SimplygonMeshReduction for automatic skeletal mesh reduction
[2023.04.24-01.22.41:260][  0]LogMeshReduction: Using ProxyLODMeshReduction for automatic mesh merging
[2023.04.24-01.22.41:260][  0]LogMeshReduction: No distributed automatic mesh merging module available
[2023.04.24-01.22.41:260][  0]LogMeshMerging: No distributed automatic mesh merging module available
[2023.04.24-01.22.41:363][  0]LogNetVersion: Final_Year_Project_K 1.0.0, NetCL: 17155196, EngineNetVer: 17, GameNetVer: 0 (Checksum: 1018319414)
[2023.04.24-01.22.41:574][  0]LogTexture: Default maximum texture size for cubemaps generated from long-lat sources has been changed from 512 to unlimited. In order to preserve old behaiour for '/Engine/MapTemplates/Sky/DaylightAmbientCubemap.DaylightAmbientCubemap', its maximum texture size has been explicitly set to 512.
[2023.04.24-01.22.41:623][  0]LogHMD: PokeAHoleMaterial loaded successfully
[2023.04.24-01.22.41:698][  0]LogMoviePlayer: Initializing movie player
[2023.04.24-01.22.41:774][  0]LogNiagaraDebuggerClient: Niagara Debugger Client Initialized | Session: 52A7044D4912E9724027949EA05C16A5 | Instance: 3B2E629B4D95C7F13658BC8EFAC61025 (DESKTOP-RK09O3I-2448).
[2023.04.24-01.22.41:792][  0]LogCollectionManager: Loaded 0 collections in 0.000625 seconds
[2023.04.24-01.22.41:794][  0]LogFileCache: Scanning file cache for directory 'C:/Users/User/Documents/GitHub/FinalYearProject_KarimEid/Final_Year_Project_K/Saved/Collections/' took 0.00s
[2023.04.24-01.22.41:794][  0]LogCollectionManager: Fixed up redirectors for 0 collections in 0.000003 seconds (updated 0 objects)
[2023.04.24-01.22.41:884][  0]LogFileCache: Scanning file cache for directory 'C:/Users/User/Documents/GitHub/FinalYearProject_KarimEid/Final_Year_Project_K/Content/Developers/User/Collections/' took 0.00s
[2023.04.24-01.22.41:884][  0]LogFileCache: Scanning file cache for directory 'C:/Users/User/Documents/GitHub/FinalYearProject_KarimEid/Final_Year_Project_K/Content/Collections/' took 0.00s
[2023.04.24-01.22.41:884][  0]LogPython: Using Python 3.7.7
[2023.04.24-01.22.42:282][  0]LogTcpMessaging: Initializing TcpMessaging bridge
[2023.04.24-01.22.42:285][  0]LogUdpMessaging: Initializing bridge on interface 0.0.0.0:0 to multicast group 230.0.0.1:6666.
[2023.04.24-01.22.42:403][  0]SourceControl: Source control is disabled
[2023.04.24-01.22.42:403][  0]SourceControl: Source control is disabled
[2023.04.24-01.22.42:406][  0]SourceControl: Source control is disabled
[2023.04.24-01.22.42:414][  0]LogUProjectInfo: Found projects:
[2023.04.24-01.22.42:440][  0]LogOpenImageDenoise: OIDN starting up
[2023.04.24-01.22.42:457][  0]LogAndroidPermission: UAndroidPermissionCallbackProxy::GetInstance
[2023.04.24-01.22.42:470][  0]LogAudioCaptureCore: Display: No Audio Capture implementations found. Audio input will be silent.
[2023.04.24-01.22.42:470][  0]LogAudioCaptureCore: Display: No Audio Capture implementations found. Audio input will be silent.
[2023.04.24-01.22.42:527][  0]LogOcInput: OculusInput pre-init called
[2023.04.24-01.22.42:535][  0]LogUObjectArray: 22121 objects as part of root set at end of initial load.
[2023.04.24-01.22.42:535][  0]LogUObjectAllocator: 5975632 out of 0 bytes used by permanent object pool.
[2023.04.24-01.22.42:535][  0]LogUObjectArray: CloseDisregardForGC: 0/0 objects in disregard for GC pool
[2023.04.24-01.22.42:573][  0]LogEngine: Initializing Engine...
[2023.04.24-01.22.42:575][  0]LogHMD: Failed to enumerate extensions. Please check that you have a valid OpenXR runtime installed.
[2023.04.24-01.22.42:575][  0]LogHMD: Failed to initialize OpenVR with code 110
[2023.04.24-01.22.42:575][  0]LogMagicLeap: Warning: VR disabled because ZI is not enabled.  To enable, in the editor, Edit -> Project Settings -> Plugins -> Magic Leap Plugin -> Enable Zero Iteration
[2023.04.24-01.22.42:577][  0]LogStats: UGameplayTagsManager::InitializeManager -  0.000 s
[2023.04.24-01.22.42:688][  0]LogInit: Initializing FReadOnlyCVARCache
[2023.04.24-01.22.42:688][  0]LogAudio: Display: Initializing Audio Device Manager...
[2023.04.24-01.22.42:690][  0]LogAudio: Display: Loading Default Audio Settings Objects...
[2023.04.24-01.22.42:691][  0]LogAudio: Display: No default SoundConcurrencyObject specified (or failed to load).
[2023.04.24-01.22.42:691][  0]LogAudio: Display: Audio Device Manager Initialized
[2023.04.24-01.22.42:691][  0]LogAudio: Display: Creating Audio Device:                 Id: 1, Scope: Shared, Realtime: True
[2023.04.24-01.22.42:691][  0]LogAudioMixer: Display: Audio Mixer Platform Settings:
[2023.04.24-01.22.42:691][  0]LogAudioMixer: Display: 	Sample Rate:						  48000
[2023.04.24-01.22.42:691][  0]LogAudioMixer: Display: 	Callback Buffer Frame Size Requested: 1024
[2023.04.24-01.22.42:691][  0]LogAudioMixer: Display: 	Callback Buffer Frame Size To Use:	  1024
[2023.04.24-01.22.42:691][  0]LogAudioMixer: Display: 	Number of buffers to queue:			  2
[2023.04.24-01.22.42:691][  0]LogAudioMixer: Display: 	Max Channels (voices):				  32
[2023.04.24-01.22.42:691][  0]LogAudioMixer: Display: 	Number of Async Source Workers:		  0
[2023.04.24-01.22.42:691][  0]LogAudio: Display: AudioDevice MaxSources: 32
[2023.04.24-01.22.42:692][  0]LogAudio: Display: Audio Spatialization Plugin: None (built-in).
[2023.04.24-01.22.42:692][  0]LogAudio: Display: Audio Reverb Plugin: None (built-in).
[2023.04.24-01.22.42:692][  0]LogAudio: Display: Audio Occlusion Plugin: None (built-in).
[2023.04.24-01.22.42:692][  0]LogAudioMixer: Display: Initializing audio mixer.
[2023.04.24-01.22.42:710][  0]LogAudioMixer: Display: 0: FrontLeft
[2023.04.24-01.22.42:710][  0]LogAudioMixer: Display: 1: FrontRight
[2023.04.24-01.22.42:723][  0]LogAudioMixer: Display: Using Audio Device Speakers (Realtek High Definition Audio)
[2023.04.24-01.22.42:729][  0]LogAudioMixer: Display: Initializing Sound Submixes...
[2023.04.24-01.22.42:730][  0]LogAudioMixer: Display: Creating Master Submix 'MasterSubmixDefault'
[2023.04.24-01.22.42:730][  0]LogAudioMixer: Display: Creating Master Submix 'MasterReverbSubmixDefault'
[2023.04.24-01.22.42:731][  0]LogAudioMixer: Display: Creating Master Submix 'MasterEQSubmixDefault'
[2023.04.24-01.22.42:731][  0]LogAudioMixer: FMixerPlatformXAudio2::StartAudioStream() called
[2023.04.24-01.22.42:731][  0]LogAudioMixer: Display: Output buffers initialized: Frames=1024, Channels=2, Samples=2048
[2023.04.24-01.22.42:732][  0]LogAudioMixer: Display: Starting AudioMixerPlatformInterface::RunInternal()
[2023.04.24-01.22.42:732][  0]LogAudioMixer: Display: FMixerPlatformXAudio2::SubmitBuffer() called for the first time
[2023.04.24-01.22.42:732][  0]LogInit: FAudioDevice initialized.
[2023.04.24-01.22.42:733][  0]LogNetVersion: Set ProjectVersion to 1.0.0.0. Version Checksum will be recalculated on next use.
[2023.04.24-01.22.42:736][  0]LogInit: Texture streaming: Enabled
[2023.04.24-01.22.42:804][  0]LogAudio: Display: Audio Device (ID: 1) registered with world 'Untitled'.
[2023.04.24-01.22.42:805][  0]LogSlate: Updating window title bar state: overlay mode, drag disabled, window buttons hidden, title bar hidden
[2023.04.24-01.22.42:806][  0]LogInit: Display: Game Engine Initialized.
[2023.04.24-01.22.42:806][  0]LogNiagaraEditor: GEditor isn't valid! Particle reset commands will not work for Niagara components!
[2023.04.24-01.22.42:923][  0]LogInit: Display: Starting Game.
[2023.04.24-01.22.42:923][  0]LogNet: Browse: /Game/Map/Layers_Map?Name=Player
[2023.04.24-01.22.42:923][  0]LogLoad: LoadMap: /Game/Map/Layers_Map?Name=Player
[2023.04.24-01.22.42:923][  0]LogWorld: BeginTearingDown for /Temp/Untitled_0
[2023.04.24-01.22.42:925][  0]LogWorld: UWorld::CleanupWorld for Untitled, bSessionEnded=true, bCleanupResources=true
[2023.04.24-01.22.42:925][  0]LogSlate: InvalidateAllWidgets triggered.  All widgets were invalidated
[2023.04.24-01.22.42:929][  0]LogAudio: Display: Audio Device unregistered from world 'None'.
[2023.04.24-01.22.42:931][  0]LogUObjectHash: Compacting FUObjectHashTables data took   0.68ms
[2023.04.24-01.22.44:308][  0]LogAudio: Display: Audio Device (ID: 1) registered with world 'Layers_Map'.
[2023.04.24-01.22.44:314][  0]LogAIModule: Creating AISystem for world Layers_Map
[2023.04.24-01.22.44:316][  0]LogLoad: Game class is 'FirstPersonGameMode_C'
[2023.04.24-01.22.44:460][  0]LogWorld: Bringing World /Game/Map/Layers_Map.Layers_Map up for play (max tick rate 0) at 2023.04.24-02.22.44
[2023.04.24-01.22.44:631][  0]LogWorld: Bringing up level for play took: 0.314076
[2023.04.24-01.22.44:641][  0]LogLoad: Took 1.717342 seconds to LoadMap(/Game/Map/Layers_Map)
[2023.04.24-01.22.44:714][  0]LogSlate: Took 0.000139 seconds to synchronously load lazily loaded font '../../../Engine/Content/Slate/Fonts/Roboto-Regular.ttf' (155K)
[2023.04.24-01.22.44:753][  0]LogInit: Display: Engine is initialized. Leaving FEngineLoop::Init()
[2023.04.24-01.22.44:753][  0]LogLoad: (Engine Initialization) Total time: 6.72 seconds
[2023.04.24-01.22.44:753][  0]LogLoad: (Engine Initialization) Total Blueprint compile time: 0.00 seconds
[2023.04.24-01.22.44:771][  0]LogRenderer: Reallocating scene render targets to support 1912x1008 Format 10 NumSamples 1 (Frame:1).
[2023.04.24-01.22.44:871][  0]LogContentStreaming: Texture pool size now 1000 MB
[2023.04.24-01.22.44:880][  0]LogSlate: InvalidateAllWidgets triggered.  All widgets were invalidated
[2023.04.24-01.22.44:929][  1]LogSlate: Took 0.000126 seconds to synchronously load lazily loaded font '../../../Engine/Content/Slate/Fonts/Roboto-Regular.ttf' (155K)
[2023.04.24-01.22.50:661][692]Closing by request
[2023.04.24-01.22.50:661][692]LogWindows: FPlatformMisc::RequestExit(0)
[2023.04.24-01.22.50:661][692]LogWindows: FPlatformMisc::RequestExitWithStatus(0, 0)
[2023.04.24-01.22.50:661][692]LogCore: Engine exit requested (reason: Win RequestExit)
[2023.04.24-01.22.50:668][693]LogCore: Engine exit requested (reason: EngineExit() was called; note: exit was already requested)
[2023.04.24-01.22.50:668][693]LogInit: Display: PreExit Game.
[2023.04.24-01.22.50:681][693]LogWorld: BeginTearingDown for /Game/Map/Layers_Map
[2023.04.24-01.22.50:684][693]LogWorld: UWorld::CleanupWorld for Layers_Map, bSessionEnded=true, bCleanupResources=true
[2023.04.24-01.22.50:697][693]LogSlate: InvalidateAllWidgets triggered.  All widgets were invalidated
[2023.04.24-01.22.51:583][693]LogAudio: Display: Beginning Audio Device Manager Shutdown (Module: AudioMixerXAudio2)...
[2023.04.24-01.22.51:583][693]LogAudio: Display: Destroying 1 Remaining Audio Device(s)...
[2023.04.24-01.22.51:583][693]LogAudio: Display: Audio Device unregistered from world 'Layers_Map'.
[2023.04.24-01.22.51:607][693]LogAudioMixer: FMixerPlatformXAudio2::StopAudioStream() called
[2023.04.24-01.22.51:608][693]LogAudioMixer: FMixerPlatformXAudio2::StopAudioStream() called
[2023.04.24-01.22.51:609][693]LogAudio: Display: Audio Device Manager Shutdown
[2023.04.24-01.22.51:617][693]LogSlate: Window 'Final_Year_Project_K (64-bit Development PCD3D_SM5) ' being destroyed
[2023.04.24-01.22.51:618][693]LogWindowsTextInputMethodSystem: Display: IME system deactivated.
[2023.04.24-01.22.51:623][693]LogWindowsTextInputMethodSystem: Display: IME system deactivated.
[2023.04.24-01.22.51:629][693]LogExit: Preparing to exit.
[2023.04.24-01.22.52:308][693]LogUObjectHash: Compacting FUObjectHashTables data took   1.57ms
[2023.04.24-01.22.52:328][693]LogMoviePlayer: Shutting down movie player
[2023.04.24-01.22.52:508][693]LogSlate: Updating window title bar state: overlay mode, drag disabled, window buttons hidden, title bar hidden
[2023.04.24-01.22.52:540][693]LogDemo: Cleaned up 0 splitscreen connections with owner deletion
[2023.04.24-01.22.52:545][693]LogExit: Game engine shut down
[2023.04.24-01.22.52:593][693]LogExit: Object subsystem successfully closed.
[2023.04.24-01.22.52:600][693]LogShaderCompilers: Display: === FShaderJobCache stats ===
[2023.04.24-01.22.52:600][693]LogShaderCompilers: Display: Total job queries 0, among them cache hits 0 (0.00%)
[2023.04.24-01.22.52:600][693]LogShaderCompilers: Display: Tracking 0 distinct input hashes that result in 0 distinct outputs (0.00%)
[2023.04.24-01.22.52:600][693]LogShaderCompilers: Display: RAM used: 0.00 MB (0.00 GB) of 819.20 MB (0.80 GB) budget. Usage: 0.00%
[2023.04.24-01.22.52:600][693]LogShaderCompilers: Display: ================================================
[2023.04.24-01.22.52:607][693]LogShaderCompilers: Display: Shaders left to compile 0
[2023.04.24-01.22.52:615][693]LogModuleManager: Shutting down and abandoning module SequenceRecorderSections (560)
[2023.04.24-01.22.52:615][693]LogModuleManager: Shutting down and abandoning module SequenceRecorder (558)
[2023.04.24-01.22.52:615][693]LogModuleManager: Shutting down and abandoning module AutomationController (556)
[2023.04.24-01.22.52:615][693]LogModuleManager: Shutting down and abandoning module AutomationWorker (554)
[2023.04.24-01.22.52:615][693]LogModuleManager: Shutting down and abandoning module Voice (552)
[2023.04.24-01.22.52:615][693]LogModuleManager: Shutting down and abandoning module AIModule (550)
[2023.04.24-01.22.52:615][693]LogModuleManager: Shutting down and abandoning module GameplayDebugger (549)
[2023.04.24-01.22.52:615][693]LogModuleManager: Shutting down and abandoning module AITestSuite (547)
[2023.04.24-01.22.52:615][693]LogModuleManager: Shutting down and abandoning module NavigationSystem (545)
[2023.04.24-01.22.52:615][693]LogModuleManager: Shutting down and abandoning module AnimGraph (542)
[2023.04.24-01.22.52:615][693]LogModuleManager: Shutting down and abandoning module SteamVREditor (540)
[2023.04.24-01.22.52:615][693]LogModuleManager: Shutting down and abandoning module ToolMenus (539)
[2023.04.24-01.22.52:615][693]LogModuleManager: Shutting down and abandoning module OculusMR (536)
[2023.04.24-01.22.52:615][693]LogModuleManager: Shutting down and abandoning module TakeRecorderSources (534)
[2023.04.24-01.22.52:615][693]LogModuleManager: Shutting down and abandoning module TakeRecorder (533)
[2023.04.24-01.22.52:615][693]LogModuleManager: Shutting down and abandoning module TakeTrackRecorders (530)
[2023.04.24-01.22.52:615][693]LogModuleManager: Shutting down and abandoning module TakesCore (528)
[2023.04.24-01.22.52:615][693]LogModuleManager: Shutting down and abandoning module OpenXRInput (526)
[2023.04.24-01.22.52:615][693]LogModuleManager: Shutting down and abandoning module WmfMediaFactory (524)
[2023.04.24-01.22.52:615][693]LogModuleManager: Shutting down and abandoning module WebMMediaFactory (522)
[2023.04.24-01.22.52:615][693]LogModuleManager: Shutting down and abandoning module WebMMedia (520)
[2023.04.24-01.22.52:615][693]LogModuleManager: Shutting down and abandoning module OpenExrWrapper (518)
[2023.04.24-01.22.52:615][693]LogModuleManager: Shutting down and abandoning module ImgMediaFactory (516)
[2023.04.24-01.22.52:615][693]LogModuleManager: Shutting down and abandoning module AvfMediaFactory (514)
[2023.04.24-01.22.52:615][693]LogModuleManager: Shutting down and abandoning module PlanarCut (512)
[2023.04.24-01.22.52:615][693]LogModuleManager: Shutting down and abandoning module MagicLeapMediaCodecFactory (510)
[2023.04.24-01.22.52:615][693]LogModuleManager: Shutting down and abandoning module MagicLeapMediaFactory (508)
[2023.04.24-01.22.52:615][693]LogModuleManager: Shutting down and abandoning module CharacterAI (506)
[2023.04.24-01.22.52:615][693]LogModuleManager: Shutting down and abandoning module SessionServices (504)
[2023.04.24-01.22.52:615][693]LogModuleManager: Shutting down and abandoning module MovieSceneCapture (502)
[2023.04.24-01.22.52:615][693]LogModuleManager: Shutting down and abandoning module LiveCoding (500)
[2023.04.24-01.22.52:615][693]LogModuleManager: Shutting down and abandoning module LevelSequence (498)
[2023.04.24-01.22.52:615][693]LogModuleManager: Shutting down and abandoning module MovieSceneTracks (496)
[2023.04.24-01.22.52:615][693]LogModuleManager: Shutting down and abandoning module MovieScene (494)
[2023.04.24-01.22.52:615][693]LogModuleManager: Shutting down and abandoning module StreamingPauseRendering (492)
[2023.04.24-01.22.52:616][693]LogModuleManager: Shutting down and abandoning module PortalServices (490)
[2023.04.24-01.22.52:616][693]LogModuleManager: Shutting down and abandoning module PortalRpc (488)
[2023.04.24-01.22.52:616][693]LogModuleManager: Shutting down and abandoning module MessagingRpc (486)
[2023.04.24-01.22.52:616][693]LogModuleManager: Shutting down and abandoning module AudioMixerXAudio2 (484)
[2023.04.24-01.22.52:616][693]LogModuleManager: Shutting down and abandoning module AudioMixerCore (483)
[2023.04.24-01.22.52:616][693]LogModuleManager: Shutting down and abandoning module ImageWriteQueue (480)
[2023.04.24-01.22.52:616][693]LogModuleManager: Shutting down and abandoning module ProfilerService (478)
[2023.04.24-01.22.52:813][693]LogModuleManager: Shutting down and abandoning module TaskGraph (476)
[2023.04.24-01.22.52:813][693]LogModuleManager: Shutting down and abandoning module OculusInput (474)
[2023.04.24-01.22.52:813][693]LogModuleManager: Shutting down and abandoning module Synthesis (472)
[2023.04.24-01.22.52:813][693]LogModuleManager: Shutting down and abandoning module ProceduralMeshComponent (470)
[2023.04.24-01.22.52:813][693]LogModuleManager: Shutting down and abandoning module TakeMovieScene (468)
[2023.04.24-01.22.52:813][693]LogModuleManager: Shutting down and abandoning module MobilePatchingUtils (466)
[2023.04.24-01.22.52:813][693]LogModuleManager: Shutting down and abandoning module GooglePAD (464)
[2023.04.24-01.22.52:813][693]LogModuleManager: Shutting down and abandoning module EditableMesh (462)
[2023.04.24-01.22.52:813][693]LogModuleManager: Shutting down and abandoning module CustomMeshComponent (460)
[2023.04.24-01.22.52:813][693]LogModuleManager: Shutting down and abandoning module CableComponent (458)
[2023.04.24-01.22.52:814][693]LogModuleManager: Shutting down and abandoning module AssetTags (456)
[2023.04.24-01.22.52:814][693]LogModuleManager: Shutting down and abandoning module AudioCapture (454)
[2023.04.24-01.22.52:814][693]LogModuleManager: Shutting down and abandoning module AudioCaptureRtAudio (453)
[2023.04.24-01.22.52:814][693]LogModuleManager: Shutting down and abandoning module ArchVisCharacter (450)
[2023.04.24-01.22.52:814][693]LogModuleManager: Shutting down and abandoning module AppleImageUtilsBlueprintSupport (448)
[2023.04.24-01.22.52:814][693]LogModuleManager: Shutting down and abandoning module AppleImageUtils (446)
[2023.04.24-01.22.52:814][693]LogModuleManager: Shutting down and abandoning module AndroidPermission (444)
[2023.04.24-01.22.52:814][693]LogModuleManager: Shutting down and abandoning module ActorLayerUtilities (442)
[2023.04.24-01.22.52:814][693]LogModuleManager: Shutting down and abandoning module TemplateSequence (440)
[2023.04.24-01.22.52:814][693]LogModuleManager: Shutting down and abandoning module MediaCompositing (438)
[2023.04.24-01.22.52:814][693]LogModuleManager: Shutting down and abandoning module ImgMedia (436)
[2023.04.24-01.22.52:814][693]LogModuleManager: Shutting down and abandoning module OpenImageDenoise (434)
[2023.04.24-01.22.52:814][693]LogOpenImageDenoise: OIDN shutting down
[2023.04.24-01.22.52:814][693]LogModuleManager: Shutting down and abandoning module MotoSynth (432)
[2023.04.24-01.22.52:814][693]LogModuleManager: Shutting down and abandoning module MeshConversion (430)
[2023.04.24-01.22.52:814][693]LogModuleManager: Shutting down and abandoning module DynamicMesh (428)
[2023.04.24-01.22.52:814][693]LogModuleManager: Shutting down and abandoning module GeometryAlgorithms (426)
[2023.04.24-01.22.52:814][693]LogModuleManager: Shutting down and abandoning module GeometricObjects (424)
[2023.04.24-01.22.52:814][693]LogModuleManager: Shutting down and abandoning module VisualStudioSourceCodeAccess (422)
[2023.04.24-01.22.52:814][693]LogModuleManager: Shutting down and abandoning module HotReload (421)
[2023.04.24-01.22.52:814][693]LogModuleManager: Shutting down and abandoning module VisualStudioCodeSourceCodeAccess (418)
[2023.04.24-01.22.52:814][693]LogModuleManager: Shutting down and abandoning module UObjectPlugin (416)
[2023.04.24-01.22.52:814][693]LogModuleManager: Shutting down and abandoning module MagicLeapSharedWorld (414)
[2023.04.24-01.22.52:814][693]LogModuleManager: Shutting down and abandoning module SubversionSourceControl (412)
[2023.04.24-01.22.52:814][693]LogModuleManager: Shutting down and abandoning module MagicLeapLightEstimation (410)
[2023.04.24-01.22.52:814][693]LogModuleManager: Shutting down and abandoning module PerforceSourceControl (408)
[2023.04.24-01.22.52:814][693]LogModuleManager: Shutting down and abandoning module SourceControl (407)
[2023.04.24-01.22.52:814][693]LogModuleManager: Shutting down and abandoning module MagicLeapHelperVulkan (404)
[2023.04.24-01.22.52:814][693]LogModuleManager: Shutting down and abandoning module MagicLeapHelperOpenGL (402)
[2023.04.24-01.22.52:814][693]LogModuleManager: Shutting down and abandoning module MagicLeapAudio (400)
[2023.04.24-01.22.52:814][693]LogModuleManager: Shutting down and abandoning module GeometryCollectionTracks (398)
[2023.04.24-01.22.52:814][693]LogModuleManager: Shutting down and abandoning module GeometryCollectionSequencer (397)
[2023.04.24-01.22.52:814][693]LogModuleManager: Shutting down and abandoning module CLionSourceCodeAccess (394)
[2023.04.24-01.22.52:814][693]LogModuleManager: Shutting down and abandoning module GeometryCacheTracks (392)
[2023.04.24-01.22.52:814][693]LogModuleManager: Shutting down and abandoning module GeometryCacheSequencer (391)
[2023.04.24-01.22.52:814][693]LogModuleManager: Shutting down and abandoning module GeometryCache (388)
[2023.04.24-01.22.52:814][693]LogModuleManager: Shutting down and abandoning module GeometryCacheEd (387)
[2023.04.24-01.22.52:814][693]LogModuleManager: Shutting down and abandoning module ChaosNiagara (384)
[2023.04.24-01.22.52:814][693]LogModuleManager: Shutting down and abandoning module FieldSystemEngine (383)
[2023.04.24-01.22.52:814][693]LogModuleManager: Shutting down and abandoning module BackChannel (380)
[2023.04.24-01.22.52:814][693]LogModuleManager: Shutting down and abandoning module AutomationUtils (378)
[2023.04.24-01.22.52:814][693]LogModuleManager: Shutting down and abandoning module OodleNetworkHandlerComponent (376)
[2023.04.24-01.22.52:814][693]LogModuleManager: Shutting down and abandoning module LiveLinkSequencer (374)
[2023.04.24-01.22.52:814][693]LogModuleManager: Shutting down and abandoning module LiveLinkMovieScene (372)
[2023.04.24-01.22.52:814][693]LogModuleManager: Shutting down and abandoning module LiveLinkGraphNode (370)
[2023.04.24-01.22.52:814][693]LogModuleManager: Shutting down and abandoning module LiveLinkComponents (368)
[2023.04.24-01.22.52:814][693]LogModuleManager: Shutting down and abandoning module LiveLink (366)
[2023.04.24-01.22.53:332][693]LogModuleManager: Shutting down and abandoning module GameplayCameras (364)
[2023.04.24-01.22.53:332][693]LogModuleManager: Shutting down and abandoning module SoundFields (362)
[2023.04.24-01.22.53:332][693]LogModuleManager: Shutting down and abandoning module RuntimePhysXCooking (360)
[2023.04.24-01.22.53:332][693]LogModuleManager: Shutting down and abandoning module SignificanceManager (358)
[2023.04.24-01.22.53:332][693]LogModuleManager: Shutting down and abandoning module PropertyAccessEditor (356)
[2023.04.24-01.22.53:332][693]LogModuleManager: Shutting down and abandoning module PhysXVehiclesEditor (354)
[2023.04.24-01.22.53:332][693]LogModuleManager: Shutting down and abandoning module LocationServicesBPLibrary (350)
[2023.04.24-01.22.53:333][693]LogModuleManager: Shutting down and abandoning module AudioSynesthesia (348)
[2023.04.24-01.22.53:333][693]LogModuleManager: Shutting down and abandoning module AudioSynesthesiaCore (346)
[2023.04.24-01.22.53:333][693]LogModuleManager: Shutting down and abandoning module ActorSequence (344)
[2023.04.24-01.22.53:333][693]LogModuleManager: Shutting down and abandoning module ImgMediaEngine (342)
[2023.04.24-01.22.53:333][693]LogModuleManager: Shutting down and abandoning module UdpMessaging (340)
[2023.04.24-01.22.53:433][693]LogModuleManager: Shutting down and abandoning module TcpMessaging (338)
[2023.04.24-01.22.53:534][693]LogModuleManager: Shutting down and abandoning module PythonScriptPlugin (336)
[2023.04.24-01.22.53:534][693]LogModuleManager: Shutting down and abandoning module MagicLeapARPin (334)
[2023.04.24-01.22.53:534][693]LogModuleManager: Shutting down and abandoning module PropertyAccessNode (332)
[2023.04.24-01.22.53:534][693]LogModuleManager: Shutting down and abandoning module MagicLeapHandMeshing (330)
[2023.04.24-01.22.53:534][693]LogModuleManager: Shutting down and abandoning module MagicLeapSecureStorage (328)
[2023.04.24-01.22.53:534][693]LogModuleManager: Shutting down and abandoning module MagicLeapPrivileges (326)
[2023.04.24-01.22.53:534][693]LogModuleManager: Shutting down and abandoning module MagicLeapPlanes (324)
[2023.04.24-01.22.53:534][693]LogMagicLeapPlanes: Planes tracker already destroyed.
[2023.04.24-01.22.53:534][693]LogModuleManager: Shutting down and abandoning module MagicLeapImageTracker (322)
[2023.04.24-01.22.53:534][693]LogModuleManager: Shutting down and abandoning module MagicLeapIdentity (320)
[2023.04.24-01.22.53:534][693]LogModuleManager: Shutting down and abandoning module MagicLeapHandTracking (318)
[2023.04.24-01.22.53:534][693]LogModuleManager: Shutting down and abandoning module MagicLeapEyeTracker (316)
[2023.04.24-01.22.53:534][693]LogModuleManager: Shutting down and abandoning module MagicLeapController (314)
[2023.04.24-01.22.53:534][693]LogModuleManager: Shutting down and abandoning module MagicLeapARPinImpl (312)
[2023.04.24-01.22.53:534][693]LogModuleManager: Shutting down and abandoning module MagicLeapAR (310)
[2023.04.24-01.22.53:534][693]LogModuleManager: Shutting down and abandoning module AnimationSharing (308)
[2023.04.24-01.22.53:534][693]LogModuleManager: Shutting down and abandoning module GameplayTagsEditor (306)
[2023.04.24-01.22.53:534][693]LogModuleManager: Shutting down and abandoning module FacialAnimation (304)
[2023.04.24-01.22.53:534][693]LogModuleManager: Shutting down and abandoning module AssetManagerEditor (302)
[2023.04.24-01.22.53:534][693]LogModuleManager: Shutting down and abandoning module TreeMap (301)
[2023.04.24-01.22.53:534][693]LogModuleManager: Shutting down and abandoning module NiagaraAnimNotifies (298)
[2023.04.24-01.22.53:534][693]LogModuleManager: Shutting down and abandoning module Niagara (296)
[2023.04.24-01.22.53:534][693]LogModuleManager: Shutting down and abandoning module SignalProcessing (295)
[2023.04.24-01.22.53:534][693]LogModuleManager: Shutting down and abandoning module NiagaraEditor (293)
[2023.04.24-01.22.53:534][693]LogModuleManager: Shutting down and abandoning module ContentBrowser (292)
[2023.04.24-01.22.53:534][693]LogModuleManager: Shutting down and abandoning module CollectionManager (291)
[2023.04.24-01.22.53:535][693]LogModuleManager: Shutting down and abandoning module DirectoryWatcher (290)
[2023.04.24-01.22.53:535][693]LogModuleManager: Shutting down and abandoning module ContentBrowserData (287)
[2023.04.24-01.22.53:535][693]LogModuleManager: Shutting down and abandoning module NiagaraCore (282)
[2023.04.24-01.22.53:535][693]LogModuleManager: Shutting down and abandoning module LightPropagationVolumeRuntime (280)
[2023.04.24-01.22.53:535][693]LogModuleManager: Shutting down and abandoning module EnvironmentQueryEditor (278)
[2023.04.24-01.22.53:535][693]LogModuleManager: Shutting down and abandoning module Paper2D (276)
[2023.04.24-01.22.53:535][693]LogModuleManager: Shutting down and abandoning module WindowsMoviePlayer (274)
[2023.04.24-01.22.53:535][693]LogModuleManager: Shutting down and abandoning module WebMMoviePlayer (272)
[2023.04.24-01.22.53:535][693]LogModuleManager: Shutting down and abandoning module NetworkReplayStreaming (270)
[2023.04.24-01.22.53:535][693]LogModuleManager: Shutting down and abandoning module PacketHandler (268)
[2023.04.24-01.22.53:535][693]LogModuleManager: Shutting down and abandoning module ClothingSystemEditor (266)
[2023.04.24-01.22.53:535][693]LogModuleManager: Shutting down and abandoning module ClothingSystemRuntimeNv (264)
[2023.04.24-01.22.53:535][693]LogModuleManager: Shutting down and abandoning module MediaAssets (262)
[2023.04.24-01.22.53:535][693]LogModuleManager: Shutting down and abandoning module Overlay (260)
[2023.04.24-01.22.53:535][693]LogModuleManager: Shutting down and abandoning module OverlayEditor (259)
[2023.04.24-01.22.53:535][693]LogModuleManager: Shutting down and abandoning module VREditor (256)
[2023.04.24-01.22.53:535][693]LogModuleManager: Shutting down and abandoning module StringTableEditor (254)
[2023.04.24-01.22.53:535][693]LogModuleManager: Shutting down and abandoning module GameplayTasksEditor (252)
[2023.04.24-01.22.53:535][693]LogModuleManager: Shutting down and abandoning module BehaviorTreeEditor (250)
[2023.04.24-01.22.53:535][693]LogModuleManager: Shutting down and abandoning module FunctionalTesting (248)
[2023.04.24-01.22.53:535][693]LogModuleManager: Shutting down and abandoning module CollisionAnalyzer (246)
[2023.04.24-01.22.53:535][693]LogModuleManager: Shutting down and abandoning module WorkspaceMenuStructure (245)
[2023.04.24-01.22.53:535][693]LogModuleManager: Shutting down and abandoning module UMG (242)
[2023.04.24-01.22.53:535][693]LogModuleManager: Shutting down and abandoning module UMGEditor (241)
[2023.04.24-01.22.53:535][693]LogModuleManager: Shutting down and abandoning module Sequencer (240)
[2023.04.24-01.22.53:536][693]LogModuleManager: Shutting down and abandoning module MessageLog (237)
[2023.04.24-01.22.53:536][693]LogModuleManager: Shutting down and abandoning module SlateReflector (232)
[2023.04.24-01.22.53:536][693]LogModuleManager: Shutting down and abandoning module Slate (230)
[2023.04.24-01.22.53:536][693]LogModuleManager: Shutting down and abandoning module SlateCore (228)
[2023.04.24-01.22.53:536][693]LogModuleManager: Shutting down and abandoning module LandscapeEditorUtilities (226)
[2023.04.24-01.22.53:536][693]LogModuleManager: Shutting down and abandoning module UnrealEd (224)
[2023.04.24-01.22.53:536][693]LogModuleManager: Shutting down and abandoning module MRMesh (222)
[2023.04.24-01.22.53:536][693]LogModuleManager: Shutting down and abandoning module Messaging (220)
[2023.04.24-01.22.53:537][693]LogModuleManager: Shutting down and abandoning module SourceCodeAccess (218)
[2023.04.24-01.22.53:537][693]LogModuleManager: Shutting down and abandoning module HeadMountedDisplay (216)
[2023.04.24-01.22.53:537][693]LogModuleManager: Shutting down and abandoning module XAudio2 (214)
[2023.04.24-01.22.53:537][693]LogModuleManager: Shutting down and abandoning module Networking (212)
[2023.04.24-01.22.53:537][693]LogModuleManager: Shutting down and abandoning module Core (210)
[2023.04.24-01.22.53:537][693]LogModuleManager: Shutting down and abandoning module MaterialEditor (208)
[2023.04.24-01.22.53:537][693]LogModuleManager: Shutting down and abandoning module MovieSceneTools (206)
[2023.04.24-01.22.53:537][693]LogModuleManager: Shutting down and abandoning module EditorStyle (205)
[2023.04.24-01.22.53:537][693]LogModuleManager: Shutting down and abandoning module KismetCompiler (202)
[2023.04.24-01.22.53:537][693]LogModuleManager: Shutting down and abandoning module MeshBuilder (200)
[2023.04.24-01.22.53:537][693]LogModuleManager: Shutting down and abandoning module MeshUtilities (198)
[2023.04.24-01.22.53:537][693]LogModuleManager: Shutting down and abandoning module MeshMergeUtilities (197)
[2023.04.24-01.22.53:537][693]LogModuleManager: Shutting down and abandoning module MeshReductionInterface (196)
[2023.04.24-01.22.53:537][693]LogModuleManager: Shutting down and abandoning module MeshBoneReduction (195)
[2023.04.24-01.22.53:537][693]LogModuleManager: Shutting down and abandoning module SkeletalMeshReduction (193)
[2023.04.24-01.22.53:537][693]LogModuleManager: Shutting down and abandoning module ProxyLODMeshReduction (191)
[2023.04.24-01.22.53:537][693]LogModuleManager: Shutting down and abandoning module QuadricMeshReduction (189)
[2023.04.24-01.22.53:537][693]LogModuleManager: Shutting down and abandoning module MaterialBaking (185)
[2023.04.24-01.22.53:537][693]LogModuleManager: Shutting down and abandoning module NullInstallBundleManager (180)
[2023.04.24-01.22.53:537][693]LogModuleManager: Shutting down and abandoning module PIEPreviewDeviceProfileSelector (178)
[2023.04.24-01.22.53:537][693]LogModuleManager: Shutting down and abandoning module DerivedDataCache (176)
[2023.04.24-01.22.53:538][693]LogModuleManager: Shutting down and abandoning module TargetPlatform (174)
[2023.04.24-01.22.53:538][693]LogModuleManager: Shutting down and abandoning module VulkanShaderFormat (173)
[2023.04.24-01.22.53:538][693]LogModuleManager: Shutting down and abandoning module ShaderFormatVectorVM (171)
[2023.04.24-01.22.53:538][693]LogModuleManager: Shutting down and abandoning module ShaderFormatOpenGL (169)
[2023.04.24-01.22.53:538][693]LogModuleManager: Shutting down and abandoning module ShaderFormatD3D (167)
[2023.04.24-01.22.53:538][693]LogModuleManager: Shutting down and abandoning module MetalShaderFormat (165)
[2023.04.24-01.22.53:538][693]LogModuleManager: Shutting down and abandoning module TextureFormatOodle (163)
[2023.04.24-01.22.53:538][693]LogModuleManager: Shutting down and abandoning module TextureFormatUncompressed (161)
[2023.04.24-01.22.53:538][693]LogModuleManager: Shutting down and abandoning module TextureFormatPVR (159)
[2023.04.24-01.22.53:538][693]LogModuleManager: Shutting down and abandoning module TextureFormatETC2 (157)
[2023.04.24-01.22.53:538][693]LogModuleManager: Shutting down and abandoning module TextureFormatDXT (155)
[2023.04.24-01.22.53:538][693]LogModuleManager: Shutting down and abandoning module TextureFormatIntelISPCTexComp (153)
[2023.04.24-01.22.53:538][693]LogModuleManager: Shutting down and abandoning module TextureFormatASTC (151)
[2023.04.24-01.22.53:538][693]LogModuleManager: Shutting down and abandoning module ImageWrapper (150)
[2023.04.24-01.22.53:538][693]LogModuleManager: Shutting down and abandoning module AudioFormatOpus (147)
[2023.04.24-01.22.53:538][693]LogModuleManager: Shutting down and abandoning module AudioFormatOgg (145)
[2023.04.24-01.22.53:538][693]LogModuleManager: Shutting down and abandoning module AudioFormatADPCM (143)
[2023.04.24-01.22.53:538][693]LogModuleManager: Shutting down and abandoning module WindowsServerTargetPlatform (141)
[2023.04.24-01.22.53:538][693]LogModuleManager: Shutting down and abandoning module WindowsClientTargetPlatform (139)
[2023.04.24-01.22.53:538][693]LogModuleManager: Shutting down and abandoning module WindowsTargetPlatform (137)
[2023.04.24-01.22.53:538][693]LogModuleManager: Shutting down and abandoning module WindowsNoEditorTargetPlatform (135)
[2023.04.24-01.22.53:538][693]LogModuleManager: Shutting down and abandoning module D3D11RHI (132)
[2023.04.24-01.22.53:538][693]LogModuleManager: Shutting down and abandoning module InputCore (130)
[2023.04.24-01.22.53:538][693]LogModuleManager: Shutting down and abandoning module Settings (128)
[2023.04.24-01.22.53:538][693]LogModuleManager: Shutting down and abandoning module PhysXCooking (126)
[2023.04.24-01.22.53:538][693]LogModuleManager: Shutting down and abandoning module Chaos (124)
[2023.04.24-01.22.53:538][693]LogModuleManager: Shutting down and abandoning module WindowsPlatformFeatures (122)
[2023.04.24-01.22.53:538][693]LogModuleManager: Shutting down and abandoning module GameplayMediaEncoder (121)
[2023.04.24-01.22.53:538][693]LogModuleManager: Shutting down and abandoning module AVEncoder (120)
[2023.04.24-01.22.53:538][693]LogModuleManager: Shutting down and abandoning module SteamVRInputDevice (116)
[2023.04.24-01.22.53:538][693]LogModuleManager: Shutting down and abandoning module SteamVRInput (114)
[2023.04.24-01.22.53:538][693]LogModuleManager: Shutting down and abandoning module SteamVR (112)
[2023.04.24-01.22.53:538][693]LogHMD: Freeing OpenVRDLLHandle.
[2023.04.24-01.22.53:538][693]LogModuleManager: Shutting down and abandoning module OculusHMD (110)
[2023.04.24-01.22.53:538][693]LogModuleManager: Shutting down and abandoning module VariantManagerContent (108)
[2023.04.24-01.22.53:538][693]LogModuleManager: Shutting down and abandoning module DatasmithContent (106)
[2023.04.24-01.22.53:538][693]LogModuleManager: Shutting down and abandoning module OpenXRHandTracking (104)
[2023.04.24-01.22.53:538][693]LogSlate: Slate User Destroyed.  User Index 0, Is Virtual User: 0
[2023.04.24-01.22.53:538][693]LogModuleManager: Shutting down and abandoning module OpenXREyeTracker (102)
[2023.04.24-01.22.53:539][693]LogModuleManager: Shutting down and abandoning module OpenXRAR (100)
[2023.04.24-01.22.53:539][693]LogModuleManager: Shutting down and abandoning module AugmentedReality (99)
[2023.04.24-01.22.53:539][693]LogModuleManager: Shutting down and abandoning module OpenXRHMD (96)
[2023.04.24-01.22.53:539][693]LogModuleManager: Shutting down and abandoning module ExampleDeviceProfileSelector (94)
[2023.04.24-01.22.53:539][693]LogModuleManager: Shutting down and abandoning module ChunkDownloader (92)
[2023.04.24-01.22.53:539][693]LogModuleManager: Shutting down and abandoning module OnlineBlueprintSupport (90)
[2023.04.24-01.22.53:539][693]LogModuleManager: Shutting down and abandoning module OnlineSubsystem (86)
[2023.04.24-01.22.53:539][693]LogModuleManager: Shutting down and abandoning module XMPP (81)
[2023.04.24-01.22.53:539][693]LogModuleManager: Shutting down and abandoning module WebSockets (80)
[2023.04.24-01.22.53:545][693]LogModuleManager: Shutting down and abandoning module HTTP (77)
[2023.04.24-01.22.53:545][693]LogHttp: Display: cleaning up 0 outstanding Http requests.
[2023.04.24-01.22.53:561][693]LogModuleManager: Shutting down and abandoning module SSL (76)
[2023.04.24-01.22.53:562][693]LogModuleManager: Shutting down and abandoning module LauncherChunkInstaller (72)
[2023.04.24-01.22.53:562][693]LogModuleManager: Shutting down and abandoning module WmfMedia (70)
[2023.04.24-01.22.53:563][693]LogModuleManager: Shutting down and abandoning module Media (69)
[2023.04.24-01.22.53:563][693]LogModuleManager: Shutting down and abandoning module MediaInfo (68)
[2023.04.24-01.22.53:563][693]LogModuleManager: Shutting down and abandoning module ExrReaderGpu (64)
[2023.04.24-01.22.53:563][693]LogModuleManager: Shutting down and abandoning module MLSDK (62)
[2023.04.24-01.22.53:563][693]LogModuleManager: Shutting down and abandoning module PixWinPlugin (60)
[2023.04.24-01.22.53:564][693]LogModuleManager: Shutting down and abandoning module MagicLeap (58)
[2023.04.24-01.22.53:564][693]LogModuleManager: Shutting down and abandoning module ChaosCloth (56)
[2023.04.24-01.22.53:564][693]LogModuleManager: Shutting down and abandoning module NiagaraVertexFactories (54)
[2023.04.24-01.22.53:564][693]LogModuleManager: Shutting down and abandoning module NiagaraShader (52)
[2023.04.24-01.22.53:564][693]LogModuleManager: Shutting down and abandoning module AISupportModule (50)
[2023.04.24-01.22.53:564][693]LogModuleManager: Shutting down and abandoning module DesktopPlatform (48)
[2023.04.24-01.22.53:564][693]LogModuleManager: Shutting down and abandoning module PythonScriptPluginPreload (46)
[2023.04.24-01.22.53:564][693]LogModuleManager: Shutting down and abandoning module PlatformCryptoOpenSSL (44)
[2023.04.24-01.22.53:564][693]LogModuleManager: Shutting down and abandoning module PlatformCryptoTypes (42)
[2023.04.24-01.22.53:564][693]LogModuleManager: Shutting down and abandoning module PlatformCrypto (40)
[2023.04.24-01.22.53:564][693]LogModuleManager: Shutting down and abandoning module OodleDataCompressionFormat (38)
[2023.04.24-01.22.53:564][693]LogModuleManager: Shutting down and abandoning module XGEController (36)
[2023.04.24-01.22.53:564][693]LogModuleManager: Shutting down and abandoning module AnimationModifiers (34)
[2023.04.24-01.22.53:564][693]LogModuleManager: Shutting down and abandoning module AudioEditor (32)
[2023.04.24-01.22.53:564][693]LogModuleManager: Shutting down and abandoning module PropertyEditor (31)
[2023.04.24-01.22.53:564][693]LogModuleManager: Shutting down and abandoning module TextureCompressor (28)
[2023.04.24-01.22.53:564][693]LogModuleManager: Shutting down and abandoning module RenderCore (26)
[2023.04.24-01.22.53:564][693]LogModuleManager: Shutting down and abandoning module Landscape (24)
[2023.04.24-01.22.53:564][693]LogModuleManager: Shutting down and abandoning module SlateRHIRenderer (22)
[2023.04.24-01.22.53:564][693]LogModuleManager: Shutting down and abandoning module AnimGraphRuntime (20)
[2023.04.24-01.22.53:564][693]LogModuleManager: Shutting down and abandoning module Renderer (18)
[2023.04.24-01.22.53:564][693]LogModuleManager: Shutting down and abandoning module Engine (16)
[2023.04.24-01.22.53:564][693]LogModuleManager: Shutting down and abandoning module CoreUObject (14)
[2023.04.24-01.22.53:564][693]LogModuleManager: Shutting down and abandoning module NetworkFile (12)
[2023.04.24-01.22.53:564][693]LogModuleManager: Shutting down and abandoning module CookedIterativeFile (10)
[2023.04.24-01.22.53:564][693]LogModuleManager: Shutting down and abandoning module StreamingFile (8)
[2023.04.24-01.22.53:564][693]LogModuleManager: Shutting down and abandoning module SandboxFile (6)
[2023.04.24-01.22.53:564][693]LogModuleManager: Shutting down and abandoning module PakFile (4)
[2023.04.24-01.22.53:564][693]LogModuleManager: Shutting down and abandoning module RSA (3)
[2023.04.24-01.22.53:745][693]LogContentStreaming: Display: There are 1 unreleased StreamingManagers
[2023.04.24-01.22.53:751][693]LogD3D11RHI: Shutdown
[2023.04.24-01.22.53:751][693]LogD3D11RHI: CleanupD3DDevice
[2023.04.24-01.22.53:756][693]LogExit: Exiting.
[2023.04.24-01.22.53:757][693]Log file closed, 04/24/23 02:22:53
